[2018-04-12T01:15:25,472][INFO ][o.e.n.Node               ] [] initializing ...
[2018-04-12T01:15:25,787][INFO ][o.e.e.NodeEnvironment    ] [RagtjN4] using [1] data paths, mounts [[/ (/dev/disk/by-uuid/b92df06b-dc4e-4572-a092-783a55b1f60b)]], net usable_space [219.1mb], net total_space [7.2gb], types [ext4]
[2018-04-12T01:15:25,788][INFO ][o.e.e.NodeEnvironment    ] [RagtjN4] heap size [1007.3mb], compressed ordinary object pointers [true]
[2018-04-12T01:15:25,793][INFO ][o.e.n.Node               ] node name [RagtjN4] derived from node ID [RagtjN4ISTy7QhnqKHoz3g]; set [node.name] to override
[2018-04-12T01:15:25,793][INFO ][o.e.n.Node               ] version[6.2.3], pid[2154], build[c59ff00/2018-03-13T10:06:29.741383Z], OS[Linux/3.19.0-25-generic/amd64], JVM[Oracle Corporation/Java HotSpot(TM) 64-Bit Server VM/1.8.0_161/25.161-b12]
[2018-04-12T01:15:25,794][INFO ][o.e.n.Node               ] JVM arguments [-Xms1g, -Xmx1g, -XX:+UseConcMarkSweepGC, -XX:CMSInitiatingOccupancyFraction=75, -XX:+UseCMSInitiatingOccupancyOnly, -XX:+AlwaysPreTouch, -Xss1m, -Djava.awt.headless=true, -Dfile.encoding=UTF-8, -Djna.nosys=true, -XX:-OmitStackTraceInFastThrow, -Dio.netty.noUnsafe=true, -Dio.netty.noKeySetOptimization=true, -Dio.netty.recycler.maxCapacityPerThread=0, -Dlog4j.shutdownHookEnabled=false, -Dlog4j2.disable.jmx=true, -Djava.io.tmpdir=/tmp/elasticsearch.YYJq41Jr, -XX:+HeapDumpOnOutOfMemoryError, -XX:+PrintGCDetails, -XX:+PrintGCDateStamps, -XX:+PrintTenuringDistribution, -XX:+PrintGCApplicationStoppedTime, -Xloggc:logs/gc.log, -XX:+UseGCLogFileRotation, -XX:NumberOfGCLogFiles=32, -XX:GCLogFileSize=64m, -Des.path.home=/home/helios/Desktop/easclepius/elasticsearch-6.2.3, -Des.path.conf=/home/helios/Desktop/easclepius/elasticsearch-6.2.3/config]
[2018-04-12T01:15:28,121][INFO ][o.e.p.PluginsService     ] [RagtjN4] loaded module [aggs-matrix-stats]
[2018-04-12T01:15:28,122][INFO ][o.e.p.PluginsService     ] [RagtjN4] loaded module [analysis-common]
[2018-04-12T01:15:28,122][INFO ][o.e.p.PluginsService     ] [RagtjN4] loaded module [ingest-common]
[2018-04-12T01:15:28,122][INFO ][o.e.p.PluginsService     ] [RagtjN4] loaded module [lang-expression]
[2018-04-12T01:15:28,122][INFO ][o.e.p.PluginsService     ] [RagtjN4] loaded module [lang-mustache]
[2018-04-12T01:15:28,123][INFO ][o.e.p.PluginsService     ] [RagtjN4] loaded module [lang-painless]
[2018-04-12T01:15:28,123][INFO ][o.e.p.PluginsService     ] [RagtjN4] loaded module [mapper-extras]
[2018-04-12T01:15:28,123][INFO ][o.e.p.PluginsService     ] [RagtjN4] loaded module [parent-join]
[2018-04-12T01:15:28,123][INFO ][o.e.p.PluginsService     ] [RagtjN4] loaded module [percolator]
[2018-04-12T01:15:28,124][INFO ][o.e.p.PluginsService     ] [RagtjN4] loaded module [rank-eval]
[2018-04-12T01:15:28,124][INFO ][o.e.p.PluginsService     ] [RagtjN4] loaded module [reindex]
[2018-04-12T01:15:28,124][INFO ][o.e.p.PluginsService     ] [RagtjN4] loaded module [repository-url]
[2018-04-12T01:15:28,124][INFO ][o.e.p.PluginsService     ] [RagtjN4] loaded module [transport-netty4]
[2018-04-12T01:15:28,124][INFO ][o.e.p.PluginsService     ] [RagtjN4] loaded module [tribe]
[2018-04-12T01:15:28,125][INFO ][o.e.p.PluginsService     ] [RagtjN4] no plugins loaded
[2018-04-12T01:15:35,089][INFO ][o.e.d.DiscoveryModule    ] [RagtjN4] using discovery type [zen]
[2018-04-12T01:15:36,141][INFO ][o.e.n.Node               ] initialized
[2018-04-12T01:15:36,142][INFO ][o.e.n.Node               ] [RagtjN4] starting ...
[2018-04-12T01:15:36,540][INFO ][o.e.t.TransportService   ] [RagtjN4] publish_address {127.0.0.1:9300}, bound_addresses {[::1]:9300}, {127.0.0.1:9300}
[2018-04-12T01:15:36,557][WARN ][o.e.b.BootstrapChecks    ] [RagtjN4] max file descriptors [4096] for elasticsearch process is too low, increase to at least [65536]
[2018-04-12T01:15:36,557][WARN ][o.e.b.BootstrapChecks    ] [RagtjN4] max virtual memory areas vm.max_map_count [65530] is too low, increase to at least [262144]
[2018-04-12T01:15:39,703][INFO ][o.e.c.s.MasterService    ] [RagtjN4] zen-disco-elected-as-master ([0] nodes joined), reason: new_master {RagtjN4}{RagtjN4ISTy7QhnqKHoz3g}{6JcxDNprQlqzD2HzjA1IKQ}{127.0.0.1}{127.0.0.1:9300}
[2018-04-12T01:15:39,714][INFO ][o.e.c.s.ClusterApplierService] [RagtjN4] new_master {RagtjN4}{RagtjN4ISTy7QhnqKHoz3g}{6JcxDNprQlqzD2HzjA1IKQ}{127.0.0.1}{127.0.0.1:9300}, reason: apply cluster state (from master [master {RagtjN4}{RagtjN4ISTy7QhnqKHoz3g}{6JcxDNprQlqzD2HzjA1IKQ}{127.0.0.1}{127.0.0.1:9300} committed version [1] source [zen-disco-elected-as-master ([0] nodes joined)]])
[2018-04-12T01:15:39,820][INFO ][o.e.h.n.Netty4HttpServerTransport] [RagtjN4] publish_address {127.0.0.1:9200}, bound_addresses {[::1]:9200}, {127.0.0.1:9200}
[2018-04-12T01:15:39,820][INFO ][o.e.n.Node               ] [RagtjN4] started
[2018-04-12T01:15:39,864][INFO ][o.e.g.GatewayService     ] [RagtjN4] recovered [0] indices into cluster_state
[2018-04-12T01:16:09,774][WARN ][o.e.c.r.a.DiskThresholdMonitor] [RagtjN4] flood stage disk watermark [95%] exceeded on [RagtjN4ISTy7QhnqKHoz3g][RagtjN4][/home/helios/Desktop/easclepius/elasticsearch-6.2.3/data/nodes/0] free: 219mb[2.9%], all indices on this node will marked read-only
[2018-04-12T01:16:39,783][WARN ][o.e.c.r.a.DiskThresholdMonitor] [RagtjN4] flood stage disk watermark [95%] exceeded on [RagtjN4ISTy7QhnqKHoz3g][RagtjN4][/home/helios/Desktop/easclepius/elasticsearch-6.2.3/data/nodes/0] free: 219mb[2.9%], all indices on this node will marked read-only
[2018-04-12T01:17:09,790][WARN ][o.e.c.r.a.DiskThresholdMonitor] [RagtjN4] flood stage disk watermark [95%] exceeded on [RagtjN4ISTy7QhnqKHoz3g][RagtjN4][/home/helios/Desktop/easclepius/elasticsearch-6.2.3/data/nodes/0] free: 218.8mb[2.9%], all indices on this node will marked read-only
[2018-04-12T01:17:39,798][WARN ][o.e.c.r.a.DiskThresholdMonitor] [RagtjN4] flood stage disk watermark [95%] exceeded on [RagtjN4ISTy7QhnqKHoz3g][RagtjN4][/home/helios/Desktop/easclepius/elasticsearch-6.2.3/data/nodes/0] free: 218.8mb[2.9%], all indices on this node will marked read-only
[2018-04-12T01:18:09,807][WARN ][o.e.c.r.a.DiskThresholdMonitor] [RagtjN4] flood stage disk watermark [95%] exceeded on [RagtjN4ISTy7QhnqKHoz3g][RagtjN4][/home/helios/Desktop/easclepius/elasticsearch-6.2.3/data/nodes/0] free: 217.4mb[2.9%], all indices on this node will marked read-only
[2018-04-12T01:18:39,825][WARN ][o.e.c.r.a.DiskThresholdMonitor] [RagtjN4] flood stage disk watermark [95%] exceeded on [RagtjN4ISTy7QhnqKHoz3g][RagtjN4][/home/helios/Desktop/easclepius/elasticsearch-6.2.3/data/nodes/0] free: 217.3mb[2.9%], all indices on this node will marked read-only
[2018-04-12T01:19:09,838][WARN ][o.e.c.r.a.DiskThresholdMonitor] [RagtjN4] flood stage disk watermark [95%] exceeded on [RagtjN4ISTy7QhnqKHoz3g][RagtjN4][/home/helios/Desktop/easclepius/elasticsearch-6.2.3/data/nodes/0] free: 214.1mb[2.8%], all indices on this node will marked read-only
[2018-04-12T01:19:39,852][WARN ][o.e.c.r.a.DiskThresholdMonitor] [RagtjN4] flood stage disk watermark [95%] exceeded on [RagtjN4ISTy7QhnqKHoz3g][RagtjN4][/home/helios/Desktop/easclepius/elasticsearch-6.2.3/data/nodes/0] free: 217.6mb[2.9%], all indices on this node will marked read-only
[2018-04-12T01:20:09,862][WARN ][o.e.c.r.a.DiskThresholdMonitor] [RagtjN4] flood stage disk watermark [95%] exceeded on [RagtjN4ISTy7QhnqKHoz3g][RagtjN4][/home/helios/Desktop/easclepius/elasticsearch-6.2.3/data/nodes/0] free: 217.5mb[2.9%], all indices on this node will marked read-only
[2018-04-12T01:20:39,868][WARN ][o.e.c.r.a.DiskThresholdMonitor] [RagtjN4] flood stage disk watermark [95%] exceeded on [RagtjN4ISTy7QhnqKHoz3g][RagtjN4][/home/helios/Desktop/easclepius/elasticsearch-6.2.3/data/nodes/0] free: 217.5mb[2.9%], all indices on this node will marked read-only
[2018-04-12T01:21:00,461][INFO ][o.e.c.m.MetaDataCreateIndexService] [RagtjN4] [haystack] creating index, cause [api], templates [], shards [5]/[1], mappings []
[2018-04-12T01:21:02,532][DEBUG][o.e.a.a.i.m.p.TransportPutMappingAction] [RagtjN4] failed to put mappings on indices [[[haystack/FgXkm_zKQCa1uz_D9eltUQ]]], type [modelresult]
org.elasticsearch.index.mapper.MapperParsingException: No handler for type [string] declared on field [phno]
	at org.elasticsearch.index.mapper.ObjectMapper$TypeParser.parseProperties(ObjectMapper.java:274) ~[elasticsearch-6.2.3.jar:6.2.3]
	at org.elasticsearch.index.mapper.ObjectMapper$TypeParser.parseObjectOrDocumentTypeProperties(ObjectMapper.java:199) ~[elasticsearch-6.2.3.jar:6.2.3]
	at org.elasticsearch.index.mapper.RootObjectMapper$TypeParser.parse(RootObjectMapper.java:131) ~[elasticsearch-6.2.3.jar:6.2.3]
	at org.elasticsearch.index.mapper.DocumentMapperParser.parse(DocumentMapperParser.java:111) ~[elasticsearch-6.2.3.jar:6.2.3]
	at org.elasticsearch.index.mapper.DocumentMapperParser.parse(DocumentMapperParser.java:91) ~[elasticsearch-6.2.3.jar:6.2.3]
	at org.elasticsearch.index.mapper.MapperService.parse(MapperService.java:732) ~[elasticsearch-6.2.3.jar:6.2.3]
	at org.elasticsearch.cluster.metadata.MetaDataMappingService$PutMappingExecutor.applyRequest(MetaDataMappingService.java:264) ~[elasticsearch-6.2.3.jar:6.2.3]
	at org.elasticsearch.cluster.metadata.MetaDataMappingService$PutMappingExecutor.execute(MetaDataMappingService.java:230) ~[elasticsearch-6.2.3.jar:6.2.3]
	at org.elasticsearch.cluster.service.MasterService.executeTasks(MasterService.java:643) ~[elasticsearch-6.2.3.jar:6.2.3]
	at org.elasticsearch.cluster.service.MasterService.calculateTaskOutputs(MasterService.java:273) ~[elasticsearch-6.2.3.jar:6.2.3]
	at org.elasticsearch.cluster.service.MasterService.runTasks(MasterService.java:198) [elasticsearch-6.2.3.jar:6.2.3]
	at org.elasticsearch.cluster.service.MasterService$Batcher.run(MasterService.java:133) [elasticsearch-6.2.3.jar:6.2.3]
	at org.elasticsearch.cluster.service.TaskBatcher.runIfNotProcessed(TaskBatcher.java:150) [elasticsearch-6.2.3.jar:6.2.3]
	at org.elasticsearch.cluster.service.TaskBatcher$BatchedTask.run(TaskBatcher.java:188) [elasticsearch-6.2.3.jar:6.2.3]
	at org.elasticsearch.common.util.concurrent.ThreadContext$ContextPreservingRunnable.run(ThreadContext.java:573) [elasticsearch-6.2.3.jar:6.2.3]
	at org.elasticsearch.common.util.concurrent.PrioritizedEsThreadPoolExecutor$TieBreakingPrioritizedRunnable.runAndClean(PrioritizedEsThreadPoolExecutor.java:244) [elasticsearch-6.2.3.jar:6.2.3]
	at org.elasticsearch.common.util.concurrent.PrioritizedEsThreadPoolExecutor$TieBreakingPrioritizedRunnable.run(PrioritizedEsThreadPoolExecutor.java:207) [elasticsearch-6.2.3.jar:6.2.3]
	at java.util.concurrent.ThreadPoolExecutor.runWorker(ThreadPoolExecutor.java:1149) [?:1.8.0_161]
	at java.util.concurrent.ThreadPoolExecutor$Worker.run(ThreadPoolExecutor.java:624) [?:1.8.0_161]
	at java.lang.Thread.run(Thread.java:748) [?:1.8.0_161]
[2018-04-12T01:21:04,005][INFO ][o.e.c.m.MetaDataMappingService] [RagtjN4] [haystack/FgXkm_zKQCa1uz_D9eltUQ] create_mapping [modelresult]
[2018-04-12T01:21:09,954][WARN ][o.e.c.r.a.DiskThresholdMonitor] [RagtjN4] flood stage disk watermark [95%] exceeded on [RagtjN4ISTy7QhnqKHoz3g][RagtjN4][/home/helios/Desktop/easclepius/elasticsearch-6.2.3/data/nodes/0] free: 217.3mb[2.9%], all indices on this node will marked read-only
[2018-04-12T01:21:39,999][WARN ][o.e.c.r.a.DiskThresholdMonitor] [RagtjN4] flood stage disk watermark [95%] exceeded on [RagtjN4ISTy7QhnqKHoz3g][RagtjN4][/home/helios/Desktop/easclepius/elasticsearch-6.2.3/data/nodes/0] free: 216.9mb[2.9%], all indices on this node will marked read-only
[2018-04-12T01:22:10,021][WARN ][o.e.c.r.a.DiskThresholdMonitor] [RagtjN4] flood stage disk watermark [95%] exceeded on [RagtjN4ISTy7QhnqKHoz3g][RagtjN4][/home/helios/Desktop/easclepius/elasticsearch-6.2.3/data/nodes/0] free: 216.9mb[2.9%], all indices on this node will marked read-only
[2018-04-12T01:22:40,040][WARN ][o.e.c.r.a.DiskThresholdMonitor] [RagtjN4] flood stage disk watermark [95%] exceeded on [RagtjN4ISTy7QhnqKHoz3g][RagtjN4][/home/helios/Desktop/easclepius/elasticsearch-6.2.3/data/nodes/0] free: 216.9mb[2.9%], all indices on this node will marked read-only
[2018-04-12T01:23:10,074][WARN ][o.e.c.r.a.DiskThresholdMonitor] [RagtjN4] flood stage disk watermark [95%] exceeded on [RagtjN4ISTy7QhnqKHoz3g][RagtjN4][/home/helios/Desktop/easclepius/elasticsearch-6.2.3/data/nodes/0] free: 217mb[2.9%], all indices on this node will marked read-only
[2018-04-12T01:23:40,095][WARN ][o.e.c.r.a.DiskThresholdMonitor] [RagtjN4] flood stage disk watermark [95%] exceeded on [RagtjN4ISTy7QhnqKHoz3g][RagtjN4][/home/helios/Desktop/easclepius/elasticsearch-6.2.3/data/nodes/0] free: 217mb[2.9%], all indices on this node will marked read-only
[2018-04-12T01:24:10,103][WARN ][o.e.c.r.a.DiskThresholdMonitor] [RagtjN4] flood stage disk watermark [95%] exceeded on [RagtjN4ISTy7QhnqKHoz3g][RagtjN4][/home/helios/Desktop/easclepius/elasticsearch-6.2.3/data/nodes/0] free: 217.1mb[2.9%], all indices on this node will marked read-only
[2018-04-12T01:24:40,121][WARN ][o.e.c.r.a.DiskThresholdMonitor] [RagtjN4] flood stage disk watermark [95%] exceeded on [RagtjN4ISTy7QhnqKHoz3g][RagtjN4][/home/helios/Desktop/easclepius/elasticsearch-6.2.3/data/nodes/0] free: 216.9mb[2.9%], all indices on this node will marked read-only
[2018-04-12T01:25:10,138][WARN ][o.e.c.r.a.DiskThresholdMonitor] [RagtjN4] flood stage disk watermark [95%] exceeded on [RagtjN4ISTy7QhnqKHoz3g][RagtjN4][/home/helios/Desktop/easclepius/elasticsearch-6.2.3/data/nodes/0] free: 217mb[2.9%], all indices on this node will marked read-only
[2018-04-12T01:25:40,149][WARN ][o.e.c.r.a.DiskThresholdMonitor] [RagtjN4] flood stage disk watermark [95%] exceeded on [RagtjN4ISTy7QhnqKHoz3g][RagtjN4][/home/helios/Desktop/easclepius/elasticsearch-6.2.3/data/nodes/0] free: 216.9mb[2.9%], all indices on this node will marked read-only
[2018-04-12T01:26:10,174][WARN ][o.e.c.r.a.DiskThresholdMonitor] [RagtjN4] flood stage disk watermark [95%] exceeded on [RagtjN4ISTy7QhnqKHoz3g][RagtjN4][/home/helios/Desktop/easclepius/elasticsearch-6.2.3/data/nodes/0] free: 216.9mb[2.9%], all indices on this node will marked read-only
[2018-04-12T01:26:40,193][WARN ][o.e.c.r.a.DiskThresholdMonitor] [RagtjN4] flood stage disk watermark [95%] exceeded on [RagtjN4ISTy7QhnqKHoz3g][RagtjN4][/home/helios/Desktop/easclepius/elasticsearch-6.2.3/data/nodes/0] free: 216.9mb[2.9%], all indices on this node will marked read-only
[2018-04-12T01:27:10,218][WARN ][o.e.c.r.a.DiskThresholdMonitor] [RagtjN4] flood stage disk watermark [95%] exceeded on [RagtjN4ISTy7QhnqKHoz3g][RagtjN4][/home/helios/Desktop/easclepius/elasticsearch-6.2.3/data/nodes/0] free: 217.3mb[2.9%], all indices on this node will marked read-only
[2018-04-12T01:27:40,239][WARN ][o.e.c.r.a.DiskThresholdMonitor] [RagtjN4] flood stage disk watermark [95%] exceeded on [RagtjN4ISTy7QhnqKHoz3g][RagtjN4][/home/helios/Desktop/easclepius/elasticsearch-6.2.3/data/nodes/0] free: 217.3mb[2.9%], all indices on this node will marked read-only
[2018-04-12T01:27:54,293][INFO ][o.e.n.Node               ] [RagtjN4] stopping ...
[2018-04-12T01:27:54,359][INFO ][o.e.n.Node               ] [RagtjN4] stopped
[2018-04-12T01:27:54,360][INFO ][o.e.n.Node               ] [RagtjN4] closing ...
[2018-04-12T01:27:54,375][INFO ][o.e.n.Node               ] [RagtjN4] closed
[2018-04-12T01:28:07,431][INFO ][o.e.n.Node               ] [] initializing ...
[2018-04-12T01:28:07,702][INFO ][o.e.e.NodeEnvironment    ] [RagtjN4] using [1] data paths, mounts [[/ (/dev/disk/by-uuid/b92df06b-dc4e-4572-a092-783a55b1f60b)]], net usable_space [217.4mb], net total_space [7.2gb], types [ext4]
[2018-04-12T01:28:07,703][INFO ][o.e.e.NodeEnvironment    ] [RagtjN4] heap size [1007.3mb], compressed ordinary object pointers [true]
[2018-04-12T01:28:07,727][INFO ][o.e.n.Node               ] node name [RagtjN4] derived from node ID [RagtjN4ISTy7QhnqKHoz3g]; set [node.name] to override
[2018-04-12T01:28:07,728][INFO ][o.e.n.Node               ] version[6.2.3], pid[3155], build[c59ff00/2018-03-13T10:06:29.741383Z], OS[Linux/3.19.0-25-generic/amd64], JVM[Oracle Corporation/Java HotSpot(TM) 64-Bit Server VM/1.8.0_161/25.161-b12]
[2018-04-12T01:28:07,728][INFO ][o.e.n.Node               ] JVM arguments [-Xms1g, -Xmx1g, -XX:+UseConcMarkSweepGC, -XX:CMSInitiatingOccupancyFraction=75, -XX:+UseCMSInitiatingOccupancyOnly, -XX:+AlwaysPreTouch, -Xss1m, -Djava.awt.headless=true, -Dfile.encoding=UTF-8, -Djna.nosys=true, -XX:-OmitStackTraceInFastThrow, -Dio.netty.noUnsafe=true, -Dio.netty.noKeySetOptimization=true, -Dio.netty.recycler.maxCapacityPerThread=0, -Dlog4j.shutdownHookEnabled=false, -Dlog4j2.disable.jmx=true, -Djava.io.tmpdir=/tmp/elasticsearch.17zoe0NF, -XX:+HeapDumpOnOutOfMemoryError, -XX:+PrintGCDetails, -XX:+PrintGCDateStamps, -XX:+PrintTenuringDistribution, -XX:+PrintGCApplicationStoppedTime, -Xloggc:logs/gc.log, -XX:+UseGCLogFileRotation, -XX:NumberOfGCLogFiles=32, -XX:GCLogFileSize=64m, -Des.path.home=/home/helios/Desktop/easclepius/elasticsearch-6.2.3, -Des.path.conf=/home/helios/Desktop/easclepius/elasticsearch-6.2.3/config]
[2018-04-12T01:28:09,531][INFO ][o.e.p.PluginsService     ] [RagtjN4] loaded module [aggs-matrix-stats]
[2018-04-12T01:28:09,532][INFO ][o.e.p.PluginsService     ] [RagtjN4] loaded module [analysis-common]
[2018-04-12T01:28:09,533][INFO ][o.e.p.PluginsService     ] [RagtjN4] loaded module [ingest-common]
[2018-04-12T01:28:09,534][INFO ][o.e.p.PluginsService     ] [RagtjN4] loaded module [lang-expression]
[2018-04-12T01:28:09,534][INFO ][o.e.p.PluginsService     ] [RagtjN4] loaded module [lang-mustache]
[2018-04-12T01:28:09,534][INFO ][o.e.p.PluginsService     ] [RagtjN4] loaded module [lang-painless]
[2018-04-12T01:28:09,535][INFO ][o.e.p.PluginsService     ] [RagtjN4] loaded module [mapper-extras]
[2018-04-12T01:28:09,535][INFO ][o.e.p.PluginsService     ] [RagtjN4] loaded module [parent-join]
[2018-04-12T01:28:09,535][INFO ][o.e.p.PluginsService     ] [RagtjN4] loaded module [percolator]
[2018-04-12T01:28:09,536][INFO ][o.e.p.PluginsService     ] [RagtjN4] loaded module [rank-eval]
[2018-04-12T01:28:09,536][INFO ][o.e.p.PluginsService     ] [RagtjN4] loaded module [reindex]
[2018-04-12T01:28:09,537][INFO ][o.e.p.PluginsService     ] [RagtjN4] loaded module [repository-url]
[2018-04-12T01:28:09,537][INFO ][o.e.p.PluginsService     ] [RagtjN4] loaded module [transport-netty4]
[2018-04-12T01:28:09,537][INFO ][o.e.p.PluginsService     ] [RagtjN4] loaded module [tribe]
[2018-04-12T01:28:09,538][INFO ][o.e.p.PluginsService     ] [RagtjN4] no plugins loaded
[2018-04-12T01:28:17,067][INFO ][o.e.d.DiscoveryModule    ] [RagtjN4] using discovery type [zen]
[2018-04-12T01:28:18,762][INFO ][o.e.n.Node               ] initialized
[2018-04-12T01:28:18,763][INFO ][o.e.n.Node               ] [RagtjN4] starting ...
[2018-04-12T01:28:19,461][INFO ][o.e.t.TransportService   ] [RagtjN4] publish_address {127.0.0.1:9300}, bound_addresses {[::1]:9300}, {127.0.0.1:9300}
[2018-04-12T01:28:19,508][WARN ][o.e.b.BootstrapChecks    ] [RagtjN4] max file descriptors [4096] for elasticsearch process is too low, increase to at least [65536]
[2018-04-12T01:28:19,509][WARN ][o.e.b.BootstrapChecks    ] [RagtjN4] max virtual memory areas vm.max_map_count [65530] is too low, increase to at least [262144]
[2018-04-12T01:28:22,737][INFO ][o.e.c.s.MasterService    ] [RagtjN4] zen-disco-elected-as-master ([0] nodes joined), reason: new_master {RagtjN4}{RagtjN4ISTy7QhnqKHoz3g}{QeM2eLnMSJqBrB0CdBIcJQ}{127.0.0.1}{127.0.0.1:9300}
[2018-04-12T01:28:22,832][INFO ][o.e.c.s.ClusterApplierService] [RagtjN4] new_master {RagtjN4}{RagtjN4ISTy7QhnqKHoz3g}{QeM2eLnMSJqBrB0CdBIcJQ}{127.0.0.1}{127.0.0.1:9300}, reason: apply cluster state (from master [master {RagtjN4}{RagtjN4ISTy7QhnqKHoz3g}{QeM2eLnMSJqBrB0CdBIcJQ}{127.0.0.1}{127.0.0.1:9300} committed version [1] source [zen-disco-elected-as-master ([0] nodes joined)]])
[2018-04-12T01:28:22,943][INFO ][o.e.h.n.Netty4HttpServerTransport] [RagtjN4] publish_address {127.0.0.1:9200}, bound_addresses {[::1]:9200}, {127.0.0.1:9200}
[2018-04-12T01:28:22,943][INFO ][o.e.n.Node               ] [RagtjN4] started
[2018-04-12T01:28:23,809][INFO ][o.e.g.GatewayService     ] [RagtjN4] recovered [1] indices into cluster_state
[2018-04-12T01:28:24,612][INFO ][o.e.c.r.a.AllocationService] [RagtjN4] Cluster health status changed from [RED] to [YELLOW] (reason: [shards started [[haystack][4]] ...]).
[2018-04-12T01:28:52,954][WARN ][o.e.c.r.a.DiskThresholdMonitor] [RagtjN4] flood stage disk watermark [95%] exceeded on [RagtjN4ISTy7QhnqKHoz3g][RagtjN4][/home/helios/Desktop/easclepius/elasticsearch-6.2.3/data/nodes/0] free: 217.3mb[2.9%], all indices on this node will marked read-only
[2018-04-12T01:29:22,975][WARN ][o.e.c.r.a.DiskThresholdMonitor] [RagtjN4] flood stage disk watermark [95%] exceeded on [RagtjN4ISTy7QhnqKHoz3g][RagtjN4][/home/helios/Desktop/easclepius/elasticsearch-6.2.3/data/nodes/0] free: 217.1mb[2.9%], all indices on this node will marked read-only
[2018-04-12T01:29:53,003][WARN ][o.e.c.r.a.DiskThresholdMonitor] [RagtjN4] flood stage disk watermark [95%] exceeded on [RagtjN4ISTy7QhnqKHoz3g][RagtjN4][/home/helios/Desktop/easclepius/elasticsearch-6.2.3/data/nodes/0] free: 216.9mb[2.9%], all indices on this node will marked read-only
[2018-04-12T01:30:23,020][WARN ][o.e.c.r.a.DiskThresholdMonitor] [RagtjN4] flood stage disk watermark [95%] exceeded on [RagtjN4ISTy7QhnqKHoz3g][RagtjN4][/home/helios/Desktop/easclepius/elasticsearch-6.2.3/data/nodes/0] free: 216.9mb[2.9%], all indices on this node will marked read-only
[2018-04-12T01:30:23,825][INFO ][o.e.c.m.MetaDataDeleteIndexService] [RagtjN4] [haystack/FgXkm_zKQCa1uz_D9eltUQ] deleting index
[2018-04-12T01:30:24,045][INFO ][o.e.c.m.MetaDataCreateIndexService] [RagtjN4] [haystack] creating index, cause [api], templates [], shards [5]/[1], mappings []
[2018-04-12T01:30:24,324][DEBUG][o.e.a.a.i.m.p.TransportPutMappingAction] [RagtjN4] failed to put mappings on indices [[[haystack/MJ5-XBzXSfiHnNIHfX8Bow]]], type [modelresult]
org.elasticsearch.index.mapper.MapperParsingException: No handler for type [string] declared on field [django_id]
	at org.elasticsearch.index.mapper.ObjectMapper$TypeParser.parseProperties(ObjectMapper.java:274) ~[elasticsearch-6.2.3.jar:6.2.3]
	at org.elasticsearch.index.mapper.ObjectMapper$TypeParser.parseObjectOrDocumentTypeProperties(ObjectMapper.java:199) ~[elasticsearch-6.2.3.jar:6.2.3]
	at org.elasticsearch.index.mapper.RootObjectMapper$TypeParser.parse(RootObjectMapper.java:131) ~[elasticsearch-6.2.3.jar:6.2.3]
	at org.elasticsearch.index.mapper.DocumentMapperParser.parse(DocumentMapperParser.java:111) ~[elasticsearch-6.2.3.jar:6.2.3]
	at org.elasticsearch.index.mapper.DocumentMapperParser.parse(DocumentMapperParser.java:91) ~[elasticsearch-6.2.3.jar:6.2.3]
	at org.elasticsearch.index.mapper.MapperService.parse(MapperService.java:732) ~[elasticsearch-6.2.3.jar:6.2.3]
	at org.elasticsearch.cluster.metadata.MetaDataMappingService$PutMappingExecutor.applyRequest(MetaDataMappingService.java:264) ~[elasticsearch-6.2.3.jar:6.2.3]
	at org.elasticsearch.cluster.metadata.MetaDataMappingService$PutMappingExecutor.execute(MetaDataMappingService.java:230) ~[elasticsearch-6.2.3.jar:6.2.3]
	at org.elasticsearch.cluster.service.MasterService.executeTasks(MasterService.java:643) ~[elasticsearch-6.2.3.jar:6.2.3]
	at org.elasticsearch.cluster.service.MasterService.calculateTaskOutputs(MasterService.java:273) ~[elasticsearch-6.2.3.jar:6.2.3]
	at org.elasticsearch.cluster.service.MasterService.runTasks(MasterService.java:198) [elasticsearch-6.2.3.jar:6.2.3]
	at org.elasticsearch.cluster.service.MasterService$Batcher.run(MasterService.java:133) [elasticsearch-6.2.3.jar:6.2.3]
	at org.elasticsearch.cluster.service.TaskBatcher.runIfNotProcessed(TaskBatcher.java:150) [elasticsearch-6.2.3.jar:6.2.3]
	at org.elasticsearch.cluster.service.TaskBatcher$BatchedTask.run(TaskBatcher.java:188) [elasticsearch-6.2.3.jar:6.2.3]
	at org.elasticsearch.common.util.concurrent.ThreadContext$ContextPreservingRunnable.run(ThreadContext.java:573) [elasticsearch-6.2.3.jar:6.2.3]
	at org.elasticsearch.common.util.concurrent.PrioritizedEsThreadPoolExecutor$TieBreakingPrioritizedRunnable.runAndClean(PrioritizedEsThreadPoolExecutor.java:244) [elasticsearch-6.2.3.jar:6.2.3]
	at org.elasticsearch.common.util.concurrent.PrioritizedEsThreadPoolExecutor$TieBreakingPrioritizedRunnable.run(PrioritizedEsThreadPoolExecutor.java:207) [elasticsearch-6.2.3.jar:6.2.3]
	at java.util.concurrent.ThreadPoolExecutor.runWorker(ThreadPoolExecutor.java:1149) [?:1.8.0_161]
	at java.util.concurrent.ThreadPoolExecutor$Worker.run(ThreadPoolExecutor.java:624) [?:1.8.0_161]
	at java.lang.Thread.run(Thread.java:748) [?:1.8.0_161]
[2018-04-12T01:30:24,453][INFO ][o.e.c.m.MetaDataMappingService] [RagtjN4] [haystack/MJ5-XBzXSfiHnNIHfX8Bow] create_mapping [modelresult]
[2018-04-12T01:30:53,036][WARN ][o.e.c.r.a.DiskThresholdMonitor] [RagtjN4] flood stage disk watermark [95%] exceeded on [RagtjN4ISTy7QhnqKHoz3g][RagtjN4][/home/helios/Desktop/easclepius/elasticsearch-6.2.3/data/nodes/0] free: 216.9mb[2.9%], all indices on this node will marked read-only
[2018-04-12T01:31:23,057][WARN ][o.e.c.r.a.DiskThresholdMonitor] [RagtjN4] flood stage disk watermark [95%] exceeded on [RagtjN4ISTy7QhnqKHoz3g][RagtjN4][/home/helios/Desktop/easclepius/elasticsearch-6.2.3/data/nodes/0] free: 216.9mb[2.9%], all indices on this node will marked read-only
[2018-04-12T01:31:53,078][WARN ][o.e.c.r.a.DiskThresholdMonitor] [RagtjN4] flood stage disk watermark [95%] exceeded on [RagtjN4ISTy7QhnqKHoz3g][RagtjN4][/home/helios/Desktop/easclepius/elasticsearch-6.2.3/data/nodes/0] free: 216mb[2.8%], all indices on this node will marked read-only
[2018-04-12T01:32:23,096][WARN ][o.e.c.r.a.DiskThresholdMonitor] [RagtjN4] flood stage disk watermark [95%] exceeded on [RagtjN4ISTy7QhnqKHoz3g][RagtjN4][/home/helios/Desktop/easclepius/elasticsearch-6.2.3/data/nodes/0] free: 216mb[2.8%], all indices on this node will marked read-only
[2018-04-12T01:32:53,115][WARN ][o.e.c.r.a.DiskThresholdMonitor] [RagtjN4] flood stage disk watermark [95%] exceeded on [RagtjN4ISTy7QhnqKHoz3g][RagtjN4][/home/helios/Desktop/easclepius/elasticsearch-6.2.3/data/nodes/0] free: 216.1mb[2.9%], all indices on this node will marked read-only
[2018-04-12T01:33:23,146][WARN ][o.e.c.r.a.DiskThresholdMonitor] [RagtjN4] flood stage disk watermark [95%] exceeded on [RagtjN4ISTy7QhnqKHoz3g][RagtjN4][/home/helios/Desktop/easclepius/elasticsearch-6.2.3/data/nodes/0] free: 216mb[2.8%], all indices on this node will marked read-only
[2018-04-12T01:33:53,154][WARN ][o.e.c.r.a.DiskThresholdMonitor] [RagtjN4] flood stage disk watermark [95%] exceeded on [RagtjN4ISTy7QhnqKHoz3g][RagtjN4][/home/helios/Desktop/easclepius/elasticsearch-6.2.3/data/nodes/0] free: 216mb[2.8%], all indices on this node will marked read-only
[2018-04-12T01:34:23,172][WARN ][o.e.c.r.a.DiskThresholdMonitor] [RagtjN4] flood stage disk watermark [95%] exceeded on [RagtjN4ISTy7QhnqKHoz3g][RagtjN4][/home/helios/Desktop/easclepius/elasticsearch-6.2.3/data/nodes/0] free: 216mb[2.8%], all indices on this node will marked read-only
[2018-04-12T01:34:53,179][WARN ][o.e.c.r.a.DiskThresholdMonitor] [RagtjN4] flood stage disk watermark [95%] exceeded on [RagtjN4ISTy7QhnqKHoz3g][RagtjN4][/home/helios/Desktop/easclepius/elasticsearch-6.2.3/data/nodes/0] free: 216.3mb[2.9%], all indices on this node will marked read-only
[2018-04-12T01:35:23,199][WARN ][o.e.c.r.a.DiskThresholdMonitor] [RagtjN4] flood stage disk watermark [95%] exceeded on [RagtjN4ISTy7QhnqKHoz3g][RagtjN4][/home/helios/Desktop/easclepius/elasticsearch-6.2.3/data/nodes/0] free: 216.3mb[2.9%], all indices on this node will marked read-only
[2018-04-12T01:35:53,216][WARN ][o.e.c.r.a.DiskThresholdMonitor] [RagtjN4] flood stage disk watermark [95%] exceeded on [RagtjN4ISTy7QhnqKHoz3g][RagtjN4][/home/helios/Desktop/easclepius/elasticsearch-6.2.3/data/nodes/0] free: 216.2mb[2.9%], all indices on this node will marked read-only
[2018-04-12T01:36:23,234][WARN ][o.e.c.r.a.DiskThresholdMonitor] [RagtjN4] flood stage disk watermark [95%] exceeded on [RagtjN4ISTy7QhnqKHoz3g][RagtjN4][/home/helios/Desktop/easclepius/elasticsearch-6.2.3/data/nodes/0] free: 216.2mb[2.9%], all indices on this node will marked read-only
[2018-04-12T01:36:53,256][WARN ][o.e.c.r.a.DiskThresholdMonitor] [RagtjN4] flood stage disk watermark [95%] exceeded on [RagtjN4ISTy7QhnqKHoz3g][RagtjN4][/home/helios/Desktop/easclepius/elasticsearch-6.2.3/data/nodes/0] free: 216.2mb[2.9%], all indices on this node will marked read-only
[2018-04-12T01:37:23,273][WARN ][o.e.c.r.a.DiskThresholdMonitor] [RagtjN4] flood stage disk watermark [95%] exceeded on [RagtjN4ISTy7QhnqKHoz3g][RagtjN4][/home/helios/Desktop/easclepius/elasticsearch-6.2.3/data/nodes/0] free: 216.2mb[2.9%], all indices on this node will marked read-only
[2018-04-12T01:37:53,299][WARN ][o.e.c.r.a.DiskThresholdMonitor] [RagtjN4] flood stage disk watermark [95%] exceeded on [RagtjN4ISTy7QhnqKHoz3g][RagtjN4][/home/helios/Desktop/easclepius/elasticsearch-6.2.3/data/nodes/0] free: 216.3mb[2.9%], all indices on this node will marked read-only
[2018-04-12T01:38:23,309][WARN ][o.e.c.r.a.DiskThresholdMonitor] [RagtjN4] flood stage disk watermark [95%] exceeded on [RagtjN4ISTy7QhnqKHoz3g][RagtjN4][/home/helios/Desktop/easclepius/elasticsearch-6.2.3/data/nodes/0] free: 216.3mb[2.9%], all indices on this node will marked read-only
[2018-04-12T01:38:53,322][WARN ][o.e.c.r.a.DiskThresholdMonitor] [RagtjN4] flood stage disk watermark [95%] exceeded on [RagtjN4ISTy7QhnqKHoz3g][RagtjN4][/home/helios/Desktop/easclepius/elasticsearch-6.2.3/data/nodes/0] free: 216mb[2.8%], all indices on this node will marked read-only
[2018-04-12T01:39:23,335][WARN ][o.e.c.r.a.DiskThresholdMonitor] [RagtjN4] flood stage disk watermark [95%] exceeded on [RagtjN4ISTy7QhnqKHoz3g][RagtjN4][/home/helios/Desktop/easclepius/elasticsearch-6.2.3/data/nodes/0] free: 216.3mb[2.9%], all indices on this node will marked read-only
[2018-04-12T01:39:53,347][WARN ][o.e.c.r.a.DiskThresholdMonitor] [RagtjN4] flood stage disk watermark [95%] exceeded on [RagtjN4ISTy7QhnqKHoz3g][RagtjN4][/home/helios/Desktop/easclepius/elasticsearch-6.2.3/data/nodes/0] free: 215.9mb[2.8%], all indices on this node will marked read-only
[2018-04-12T01:40:23,359][WARN ][o.e.c.r.a.DiskThresholdMonitor] [RagtjN4] flood stage disk watermark [95%] exceeded on [RagtjN4ISTy7QhnqKHoz3g][RagtjN4][/home/helios/Desktop/easclepius/elasticsearch-6.2.3/data/nodes/0] free: 215.9mb[2.8%], all indices on this node will marked read-only
[2018-04-12T01:40:53,368][WARN ][o.e.c.r.a.DiskThresholdMonitor] [RagtjN4] flood stage disk watermark [95%] exceeded on [RagtjN4ISTy7QhnqKHoz3g][RagtjN4][/home/helios/Desktop/easclepius/elasticsearch-6.2.3/data/nodes/0] free: 215.6mb[2.8%], all indices on this node will marked read-only
[2018-04-12T01:41:23,378][WARN ][o.e.c.r.a.DiskThresholdMonitor] [RagtjN4] flood stage disk watermark [95%] exceeded on [RagtjN4ISTy7QhnqKHoz3g][RagtjN4][/home/helios/Desktop/easclepius/elasticsearch-6.2.3/data/nodes/0] free: 215.4mb[2.8%], all indices on this node will marked read-only
[2018-04-12T01:41:53,389][WARN ][o.e.c.r.a.DiskThresholdMonitor] [RagtjN4] flood stage disk watermark [95%] exceeded on [RagtjN4ISTy7QhnqKHoz3g][RagtjN4][/home/helios/Desktop/easclepius/elasticsearch-6.2.3/data/nodes/0] free: 215.4mb[2.8%], all indices on this node will marked read-only
[2018-04-12T01:42:23,395][WARN ][o.e.c.r.a.DiskThresholdMonitor] [RagtjN4] flood stage disk watermark [95%] exceeded on [RagtjN4ISTy7QhnqKHoz3g][RagtjN4][/home/helios/Desktop/easclepius/elasticsearch-6.2.3/data/nodes/0] free: 215.4mb[2.8%], all indices on this node will marked read-only
[2018-04-12T01:42:53,411][WARN ][o.e.c.r.a.DiskThresholdMonitor] [RagtjN4] flood stage disk watermark [95%] exceeded on [RagtjN4ISTy7QhnqKHoz3g][RagtjN4][/home/helios/Desktop/easclepius/elasticsearch-6.2.3/data/nodes/0] free: 215.4mb[2.8%], all indices on this node will marked read-only
[2018-04-12T01:43:23,424][WARN ][o.e.c.r.a.DiskThresholdMonitor] [RagtjN4] flood stage disk watermark [95%] exceeded on [RagtjN4ISTy7QhnqKHoz3g][RagtjN4][/home/helios/Desktop/easclepius/elasticsearch-6.2.3/data/nodes/0] free: 215.4mb[2.8%], all indices on this node will marked read-only
[2018-04-12T01:43:53,447][WARN ][o.e.c.r.a.DiskThresholdMonitor] [RagtjN4] flood stage disk watermark [95%] exceeded on [RagtjN4ISTy7QhnqKHoz3g][RagtjN4][/home/helios/Desktop/easclepius/elasticsearch-6.2.3/data/nodes/0] free: 215.2mb[2.8%], all indices on this node will marked read-only
[2018-04-12T01:44:23,464][WARN ][o.e.c.r.a.DiskThresholdMonitor] [RagtjN4] flood stage disk watermark [95%] exceeded on [RagtjN4ISTy7QhnqKHoz3g][RagtjN4][/home/helios/Desktop/easclepius/elasticsearch-6.2.3/data/nodes/0] free: 215.1mb[2.8%], all indices on this node will marked read-only
[2018-04-12T01:44:53,477][WARN ][o.e.c.r.a.DiskThresholdMonitor] [RagtjN4] flood stage disk watermark [95%] exceeded on [RagtjN4ISTy7QhnqKHoz3g][RagtjN4][/home/helios/Desktop/easclepius/elasticsearch-6.2.3/data/nodes/0] free: 215.2mb[2.8%], all indices on this node will marked read-only
[2018-04-12T01:45:23,492][WARN ][o.e.c.r.a.DiskThresholdMonitor] [RagtjN4] flood stage disk watermark [95%] exceeded on [RagtjN4ISTy7QhnqKHoz3g][RagtjN4][/home/helios/Desktop/easclepius/elasticsearch-6.2.3/data/nodes/0] free: 215.2mb[2.8%], all indices on this node will marked read-only
[2018-04-12T01:45:53,513][WARN ][o.e.c.r.a.DiskThresholdMonitor] [RagtjN4] flood stage disk watermark [95%] exceeded on [RagtjN4ISTy7QhnqKHoz3g][RagtjN4][/home/helios/Desktop/easclepius/elasticsearch-6.2.3/data/nodes/0] free: 215.2mb[2.8%], all indices on this node will marked read-only
[2018-04-12T01:46:23,526][WARN ][o.e.c.r.a.DiskThresholdMonitor] [RagtjN4] flood stage disk watermark [95%] exceeded on [RagtjN4ISTy7QhnqKHoz3g][RagtjN4][/home/helios/Desktop/easclepius/elasticsearch-6.2.3/data/nodes/0] free: 215.2mb[2.8%], all indices on this node will marked read-only
[2018-04-12T01:46:53,533][WARN ][o.e.c.r.a.DiskThresholdMonitor] [RagtjN4] flood stage disk watermark [95%] exceeded on [RagtjN4ISTy7QhnqKHoz3g][RagtjN4][/home/helios/Desktop/easclepius/elasticsearch-6.2.3/data/nodes/0] free: 215.2mb[2.8%], all indices on this node will marked read-only
[2018-04-12T01:47:23,544][WARN ][o.e.c.r.a.DiskThresholdMonitor] [RagtjN4] flood stage disk watermark [95%] exceeded on [RagtjN4ISTy7QhnqKHoz3g][RagtjN4][/home/helios/Desktop/easclepius/elasticsearch-6.2.3/data/nodes/0] free: 215.2mb[2.8%], all indices on this node will marked read-only
[2018-04-12T01:47:53,554][WARN ][o.e.c.r.a.DiskThresholdMonitor] [RagtjN4] flood stage disk watermark [95%] exceeded on [RagtjN4ISTy7QhnqKHoz3g][RagtjN4][/home/helios/Desktop/easclepius/elasticsearch-6.2.3/data/nodes/0] free: 214.2mb[2.8%], all indices on this node will marked read-only
[2018-04-12T01:48:23,576][WARN ][o.e.c.r.a.DiskThresholdMonitor] [RagtjN4] flood stage disk watermark [95%] exceeded on [RagtjN4ISTy7QhnqKHoz3g][RagtjN4][/home/helios/Desktop/easclepius/elasticsearch-6.2.3/data/nodes/0] free: 214.2mb[2.8%], all indices on this node will marked read-only
[2018-04-12T01:48:53,604][WARN ][o.e.c.r.a.DiskThresholdMonitor] [RagtjN4] flood stage disk watermark [95%] exceeded on [RagtjN4ISTy7QhnqKHoz3g][RagtjN4][/home/helios/Desktop/easclepius/elasticsearch-6.2.3/data/nodes/0] free: 214.2mb[2.8%], all indices on this node will marked read-only
[2018-04-12T01:49:23,616][WARN ][o.e.c.r.a.DiskThresholdMonitor] [RagtjN4] flood stage disk watermark [95%] exceeded on [RagtjN4ISTy7QhnqKHoz3g][RagtjN4][/home/helios/Desktop/easclepius/elasticsearch-6.2.3/data/nodes/0] free: 214mb[2.8%], all indices on this node will marked read-only
[2018-04-12T01:49:53,631][WARN ][o.e.c.r.a.DiskThresholdMonitor] [RagtjN4] flood stage disk watermark [95%] exceeded on [RagtjN4ISTy7QhnqKHoz3g][RagtjN4][/home/helios/Desktop/easclepius/elasticsearch-6.2.3/data/nodes/0] free: 214mb[2.8%], all indices on this node will marked read-only
[2018-04-12T01:50:23,645][WARN ][o.e.c.r.a.DiskThresholdMonitor] [RagtjN4] flood stage disk watermark [95%] exceeded on [RagtjN4ISTy7QhnqKHoz3g][RagtjN4][/home/helios/Desktop/easclepius/elasticsearch-6.2.3/data/nodes/0] free: 214mb[2.8%], all indices on this node will marked read-only
[2018-04-12T01:50:53,661][WARN ][o.e.c.r.a.DiskThresholdMonitor] [RagtjN4] flood stage disk watermark [95%] exceeded on [RagtjN4ISTy7QhnqKHoz3g][RagtjN4][/home/helios/Desktop/easclepius/elasticsearch-6.2.3/data/nodes/0] free: 214mb[2.8%], all indices on this node will marked read-only
[2018-04-12T01:51:23,688][WARN ][o.e.c.r.a.DiskThresholdMonitor] [RagtjN4] flood stage disk watermark [95%] exceeded on [RagtjN4ISTy7QhnqKHoz3g][RagtjN4][/home/helios/Desktop/easclepius/elasticsearch-6.2.3/data/nodes/0] free: 213.9mb[2.8%], all indices on this node will marked read-only
[2018-04-12T01:51:53,721][WARN ][o.e.c.r.a.DiskThresholdMonitor] [RagtjN4] flood stage disk watermark [95%] exceeded on [RagtjN4ISTy7QhnqKHoz3g][RagtjN4][/home/helios/Desktop/easclepius/elasticsearch-6.2.3/data/nodes/0] free: 213.9mb[2.8%], all indices on this node will marked read-only
[2018-04-12T01:52:23,732][WARN ][o.e.c.r.a.DiskThresholdMonitor] [RagtjN4] flood stage disk watermark [95%] exceeded on [RagtjN4ISTy7QhnqKHoz3g][RagtjN4][/home/helios/Desktop/easclepius/elasticsearch-6.2.3/data/nodes/0] free: 214mb[2.8%], all indices on this node will marked read-only
[2018-04-12T01:52:53,746][WARN ][o.e.c.r.a.DiskThresholdMonitor] [RagtjN4] flood stage disk watermark [95%] exceeded on [RagtjN4ISTy7QhnqKHoz3g][RagtjN4][/home/helios/Desktop/easclepius/elasticsearch-6.2.3/data/nodes/0] free: 213.9mb[2.8%], all indices on this node will marked read-only
[2018-04-12T01:53:23,768][WARN ][o.e.c.r.a.DiskThresholdMonitor] [RagtjN4] flood stage disk watermark [95%] exceeded on [RagtjN4ISTy7QhnqKHoz3g][RagtjN4][/home/helios/Desktop/easclepius/elasticsearch-6.2.3/data/nodes/0] free: 213.9mb[2.8%], all indices on this node will marked read-only
[2018-04-12T01:53:53,785][WARN ][o.e.c.r.a.DiskThresholdMonitor] [RagtjN4] flood stage disk watermark [95%] exceeded on [RagtjN4ISTy7QhnqKHoz3g][RagtjN4][/home/helios/Desktop/easclepius/elasticsearch-6.2.3/data/nodes/0] free: 213.8mb[2.8%], all indices on this node will marked read-only
[2018-04-12T01:54:23,800][WARN ][o.e.c.r.a.DiskThresholdMonitor] [RagtjN4] flood stage disk watermark [95%] exceeded on [RagtjN4ISTy7QhnqKHoz3g][RagtjN4][/home/helios/Desktop/easclepius/elasticsearch-6.2.3/data/nodes/0] free: 213.8mb[2.8%], all indices on this node will marked read-only
[2018-04-12T01:54:53,813][WARN ][o.e.c.r.a.DiskThresholdMonitor] [RagtjN4] flood stage disk watermark [95%] exceeded on [RagtjN4ISTy7QhnqKHoz3g][RagtjN4][/home/helios/Desktop/easclepius/elasticsearch-6.2.3/data/nodes/0] free: 213.8mb[2.8%], all indices on this node will marked read-only
[2018-04-12T01:55:23,822][WARN ][o.e.c.r.a.DiskThresholdMonitor] [RagtjN4] flood stage disk watermark [95%] exceeded on [RagtjN4ISTy7QhnqKHoz3g][RagtjN4][/home/helios/Desktop/easclepius/elasticsearch-6.2.3/data/nodes/0] free: 213.8mb[2.8%], all indices on this node will marked read-only
[2018-04-12T01:55:53,835][WARN ][o.e.c.r.a.DiskThresholdMonitor] [RagtjN4] flood stage disk watermark [95%] exceeded on [RagtjN4ISTy7QhnqKHoz3g][RagtjN4][/home/helios/Desktop/easclepius/elasticsearch-6.2.3/data/nodes/0] free: 213.8mb[2.8%], all indices on this node will marked read-only
[2018-04-12T01:56:23,861][WARN ][o.e.c.r.a.DiskThresholdMonitor] [RagtjN4] flood stage disk watermark [95%] exceeded on [RagtjN4ISTy7QhnqKHoz3g][RagtjN4][/home/helios/Desktop/easclepius/elasticsearch-6.2.3/data/nodes/0] free: 213.8mb[2.8%], all indices on this node will marked read-only
[2018-04-12T01:56:53,873][WARN ][o.e.c.r.a.DiskThresholdMonitor] [RagtjN4] flood stage disk watermark [95%] exceeded on [RagtjN4ISTy7QhnqKHoz3g][RagtjN4][/home/helios/Desktop/easclepius/elasticsearch-6.2.3/data/nodes/0] free: 213.8mb[2.8%], all indices on this node will marked read-only
[2018-04-12T01:57:23,887][WARN ][o.e.c.r.a.DiskThresholdMonitor] [RagtjN4] flood stage disk watermark [95%] exceeded on [RagtjN4ISTy7QhnqKHoz3g][RagtjN4][/home/helios/Desktop/easclepius/elasticsearch-6.2.3/data/nodes/0] free: 213.9mb[2.8%], all indices on this node will marked read-only
[2018-04-12T01:57:53,899][WARN ][o.e.c.r.a.DiskThresholdMonitor] [RagtjN4] flood stage disk watermark [95%] exceeded on [RagtjN4ISTy7QhnqKHoz3g][RagtjN4][/home/helios/Desktop/easclepius/elasticsearch-6.2.3/data/nodes/0] free: 213.5mb[2.8%], all indices on this node will marked read-only
[2018-04-12T01:58:23,909][WARN ][o.e.c.r.a.DiskThresholdMonitor] [RagtjN4] flood stage disk watermark [95%] exceeded on [RagtjN4ISTy7QhnqKHoz3g][RagtjN4][/home/helios/Desktop/easclepius/elasticsearch-6.2.3/data/nodes/0] free: 213.8mb[2.8%], all indices on this node will marked read-only
[2018-04-12T01:58:53,929][WARN ][o.e.c.r.a.DiskThresholdMonitor] [RagtjN4] flood stage disk watermark [95%] exceeded on [RagtjN4ISTy7QhnqKHoz3g][RagtjN4][/home/helios/Desktop/easclepius/elasticsearch-6.2.3/data/nodes/0] free: 213.8mb[2.8%], all indices on this node will marked read-only
[2018-04-12T01:59:23,946][WARN ][o.e.c.r.a.DiskThresholdMonitor] [RagtjN4] flood stage disk watermark [95%] exceeded on [RagtjN4ISTy7QhnqKHoz3g][RagtjN4][/home/helios/Desktop/easclepius/elasticsearch-6.2.3/data/nodes/0] free: 213.5mb[2.8%], all indices on this node will marked read-only
[2018-04-12T01:59:53,962][WARN ][o.e.c.r.a.DiskThresholdMonitor] [RagtjN4] flood stage disk watermark [95%] exceeded on [RagtjN4ISTy7QhnqKHoz3g][RagtjN4][/home/helios/Desktop/easclepius/elasticsearch-6.2.3/data/nodes/0] free: 213.5mb[2.8%], all indices on this node will marked read-only
[2018-04-12T02:00:23,972][WARN ][o.e.c.r.a.DiskThresholdMonitor] [RagtjN4] flood stage disk watermark [95%] exceeded on [RagtjN4ISTy7QhnqKHoz3g][RagtjN4][/home/helios/Desktop/easclepius/elasticsearch-6.2.3/data/nodes/0] free: 213.5mb[2.8%], all indices on this node will marked read-only
[2018-04-12T02:00:53,977][WARN ][o.e.c.r.a.DiskThresholdMonitor] [RagtjN4] flood stage disk watermark [95%] exceeded on [RagtjN4ISTy7QhnqKHoz3g][RagtjN4][/home/helios/Desktop/easclepius/elasticsearch-6.2.3/data/nodes/0] free: 213.6mb[2.8%], all indices on this node will marked read-only
[2018-04-12T02:01:23,996][WARN ][o.e.c.r.a.DiskThresholdMonitor] [RagtjN4] flood stage disk watermark [95%] exceeded on [RagtjN4ISTy7QhnqKHoz3g][RagtjN4][/home/helios/Desktop/easclepius/elasticsearch-6.2.3/data/nodes/0] free: 213.6mb[2.8%], all indices on this node will marked read-only
[2018-04-12T02:01:54,001][WARN ][o.e.c.r.a.DiskThresholdMonitor] [RagtjN4] flood stage disk watermark [95%] exceeded on [RagtjN4ISTy7QhnqKHoz3g][RagtjN4][/home/helios/Desktop/easclepius/elasticsearch-6.2.3/data/nodes/0] free: 213.1mb[2.8%], all indices on this node will marked read-only
[2018-04-12T02:02:24,013][WARN ][o.e.c.r.a.DiskThresholdMonitor] [RagtjN4] flood stage disk watermark [95%] exceeded on [RagtjN4ISTy7QhnqKHoz3g][RagtjN4][/home/helios/Desktop/easclepius/elasticsearch-6.2.3/data/nodes/0] free: 212.7mb[2.8%], all indices on this node will marked read-only
[2018-04-12T02:02:54,035][WARN ][o.e.c.r.a.DiskThresholdMonitor] [RagtjN4] flood stage disk watermark [95%] exceeded on [RagtjN4ISTy7QhnqKHoz3g][RagtjN4][/home/helios/Desktop/easclepius/elasticsearch-6.2.3/data/nodes/0] free: 213mb[2.8%], all indices on this node will marked read-only
[2018-04-12T02:03:24,072][WARN ][o.e.c.r.a.DiskThresholdMonitor] [RagtjN4] flood stage disk watermark [95%] exceeded on [RagtjN4ISTy7QhnqKHoz3g][RagtjN4][/home/helios/Desktop/easclepius/elasticsearch-6.2.3/data/nodes/0] free: 213.3mb[2.8%], all indices on this node will marked read-only
[2018-04-12T02:03:54,086][WARN ][o.e.c.r.a.DiskThresholdMonitor] [RagtjN4] flood stage disk watermark [95%] exceeded on [RagtjN4ISTy7QhnqKHoz3g][RagtjN4][/home/helios/Desktop/easclepius/elasticsearch-6.2.3/data/nodes/0] free: 213.3mb[2.8%], all indices on this node will marked read-only
[2018-04-12T02:04:24,099][WARN ][o.e.c.r.a.DiskThresholdMonitor] [RagtjN4] flood stage disk watermark [95%] exceeded on [RagtjN4ISTy7QhnqKHoz3g][RagtjN4][/home/helios/Desktop/easclepius/elasticsearch-6.2.3/data/nodes/0] free: 213.3mb[2.8%], all indices on this node will marked read-only
[2018-04-12T02:04:54,110][WARN ][o.e.c.r.a.DiskThresholdMonitor] [RagtjN4] flood stage disk watermark [95%] exceeded on [RagtjN4ISTy7QhnqKHoz3g][RagtjN4][/home/helios/Desktop/easclepius/elasticsearch-6.2.3/data/nodes/0] free: 213.3mb[2.8%], all indices on this node will marked read-only
[2018-04-12T02:05:24,128][WARN ][o.e.c.r.a.DiskThresholdMonitor] [RagtjN4] flood stage disk watermark [95%] exceeded on [RagtjN4ISTy7QhnqKHoz3g][RagtjN4][/home/helios/Desktop/easclepius/elasticsearch-6.2.3/data/nodes/0] free: 213.3mb[2.8%], all indices on this node will marked read-only
[2018-04-12T02:05:54,143][WARN ][o.e.c.r.a.DiskThresholdMonitor] [RagtjN4] flood stage disk watermark [95%] exceeded on [RagtjN4ISTy7QhnqKHoz3g][RagtjN4][/home/helios/Desktop/easclepius/elasticsearch-6.2.3/data/nodes/0] free: 213.3mb[2.8%], all indices on this node will marked read-only
[2018-04-12T02:06:24,156][WARN ][o.e.c.r.a.DiskThresholdMonitor] [RagtjN4] flood stage disk watermark [95%] exceeded on [RagtjN4ISTy7QhnqKHoz3g][RagtjN4][/home/helios/Desktop/easclepius/elasticsearch-6.2.3/data/nodes/0] free: 213.3mb[2.8%], all indices on this node will marked read-only
[2018-04-12T02:06:54,171][WARN ][o.e.c.r.a.DiskThresholdMonitor] [RagtjN4] flood stage disk watermark [95%] exceeded on [RagtjN4ISTy7QhnqKHoz3g][RagtjN4][/home/helios/Desktop/easclepius/elasticsearch-6.2.3/data/nodes/0] free: 213.3mb[2.8%], all indices on this node will marked read-only
[2018-04-12T02:07:24,188][WARN ][o.e.c.r.a.DiskThresholdMonitor] [RagtjN4] flood stage disk watermark [95%] exceeded on [RagtjN4ISTy7QhnqKHoz3g][RagtjN4][/home/helios/Desktop/easclepius/elasticsearch-6.2.3/data/nodes/0] free: 213.3mb[2.8%], all indices on this node will marked read-only
[2018-04-12T02:07:54,209][WARN ][o.e.c.r.a.DiskThresholdMonitor] [RagtjN4] flood stage disk watermark [95%] exceeded on [RagtjN4ISTy7QhnqKHoz3g][RagtjN4][/home/helios/Desktop/easclepius/elasticsearch-6.2.3/data/nodes/0] free: 213.3mb[2.8%], all indices on this node will marked read-only
[2018-04-12T02:08:24,220][WARN ][o.e.c.r.a.DiskThresholdMonitor] [RagtjN4] flood stage disk watermark [95%] exceeded on [RagtjN4ISTy7QhnqKHoz3g][RagtjN4][/home/helios/Desktop/easclepius/elasticsearch-6.2.3/data/nodes/0] free: 213.3mb[2.8%], all indices on this node will marked read-only
[2018-04-12T02:08:54,235][WARN ][o.e.c.r.a.DiskThresholdMonitor] [RagtjN4] flood stage disk watermark [95%] exceeded on [RagtjN4ISTy7QhnqKHoz3g][RagtjN4][/home/helios/Desktop/easclepius/elasticsearch-6.2.3/data/nodes/0] free: 213.3mb[2.8%], all indices on this node will marked read-only
[2018-04-12T02:09:24,259][WARN ][o.e.c.r.a.DiskThresholdMonitor] [RagtjN4] flood stage disk watermark [95%] exceeded on [RagtjN4ISTy7QhnqKHoz3g][RagtjN4][/home/helios/Desktop/easclepius/elasticsearch-6.2.3/data/nodes/0] free: 213.3mb[2.8%], all indices on this node will marked read-only
[2018-04-12T02:09:54,272][WARN ][o.e.c.r.a.DiskThresholdMonitor] [RagtjN4] flood stage disk watermark [95%] exceeded on [RagtjN4ISTy7QhnqKHoz3g][RagtjN4][/home/helios/Desktop/easclepius/elasticsearch-6.2.3/data/nodes/0] free: 213.3mb[2.8%], all indices on this node will marked read-only
[2018-04-12T02:10:24,283][WARN ][o.e.c.r.a.DiskThresholdMonitor] [RagtjN4] flood stage disk watermark [95%] exceeded on [RagtjN4ISTy7QhnqKHoz3g][RagtjN4][/home/helios/Desktop/easclepius/elasticsearch-6.2.3/data/nodes/0] free: 213.3mb[2.8%], all indices on this node will marked read-only
[2018-04-12T02:10:54,310][WARN ][o.e.c.r.a.DiskThresholdMonitor] [RagtjN4] flood stage disk watermark [95%] exceeded on [RagtjN4ISTy7QhnqKHoz3g][RagtjN4][/home/helios/Desktop/easclepius/elasticsearch-6.2.3/data/nodes/0] free: 213mb[2.8%], all indices on this node will marked read-only
[2018-04-12T02:11:24,327][WARN ][o.e.c.r.a.DiskThresholdMonitor] [RagtjN4] flood stage disk watermark [95%] exceeded on [RagtjN4ISTy7QhnqKHoz3g][RagtjN4][/home/helios/Desktop/easclepius/elasticsearch-6.2.3/data/nodes/0] free: 213mb[2.8%], all indices on this node will marked read-only
[2018-04-12T02:11:54,338][WARN ][o.e.c.r.a.DiskThresholdMonitor] [RagtjN4] flood stage disk watermark [95%] exceeded on [RagtjN4ISTy7QhnqKHoz3g][RagtjN4][/home/helios/Desktop/easclepius/elasticsearch-6.2.3/data/nodes/0] free: 213.1mb[2.8%], all indices on this node will marked read-only
[2018-04-12T02:12:24,353][WARN ][o.e.c.r.a.DiskThresholdMonitor] [RagtjN4] flood stage disk watermark [95%] exceeded on [RagtjN4ISTy7QhnqKHoz3g][RagtjN4][/home/helios/Desktop/easclepius/elasticsearch-6.2.3/data/nodes/0] free: 213.1mb[2.8%], all indices on this node will marked read-only
[2018-04-12T02:12:54,360][WARN ][o.e.c.r.a.DiskThresholdMonitor] [RagtjN4] flood stage disk watermark [95%] exceeded on [RagtjN4ISTy7QhnqKHoz3g][RagtjN4][/home/helios/Desktop/easclepius/elasticsearch-6.2.3/data/nodes/0] free: 213.1mb[2.8%], all indices on this node will marked read-only
[2018-04-12T02:13:24,381][WARN ][o.e.c.r.a.DiskThresholdMonitor] [RagtjN4] flood stage disk watermark [95%] exceeded on [RagtjN4ISTy7QhnqKHoz3g][RagtjN4][/home/helios/Desktop/easclepius/elasticsearch-6.2.3/data/nodes/0] free: 213.1mb[2.8%], all indices on this node will marked read-only
[2018-04-12T02:13:54,391][WARN ][o.e.c.r.a.DiskThresholdMonitor] [RagtjN4] flood stage disk watermark [95%] exceeded on [RagtjN4ISTy7QhnqKHoz3g][RagtjN4][/home/helios/Desktop/easclepius/elasticsearch-6.2.3/data/nodes/0] free: 213.1mb[2.8%], all indices on this node will marked read-only
[2018-04-12T02:14:24,402][WARN ][o.e.c.r.a.DiskThresholdMonitor] [RagtjN4] flood stage disk watermark [95%] exceeded on [RagtjN4ISTy7QhnqKHoz3g][RagtjN4][/home/helios/Desktop/easclepius/elasticsearch-6.2.3/data/nodes/0] free: 213.1mb[2.8%], all indices on this node will marked read-only
[2018-04-12T02:14:54,408][WARN ][o.e.c.r.a.DiskThresholdMonitor] [RagtjN4] flood stage disk watermark [95%] exceeded on [RagtjN4ISTy7QhnqKHoz3g][RagtjN4][/home/helios/Desktop/easclepius/elasticsearch-6.2.3/data/nodes/0] free: 213.1mb[2.8%], all indices on this node will marked read-only
[2018-04-12T02:15:24,413][WARN ][o.e.c.r.a.DiskThresholdMonitor] [RagtjN4] flood stage disk watermark [95%] exceeded on [RagtjN4ISTy7QhnqKHoz3g][RagtjN4][/home/helios/Desktop/easclepius/elasticsearch-6.2.3/data/nodes/0] free: 212.7mb[2.8%], all indices on this node will marked read-only
[2018-04-12T02:15:54,420][WARN ][o.e.c.r.a.DiskThresholdMonitor] [RagtjN4] flood stage disk watermark [95%] exceeded on [RagtjN4ISTy7QhnqKHoz3g][RagtjN4][/home/helios/Desktop/easclepius/elasticsearch-6.2.3/data/nodes/0] free: 212.7mb[2.8%], all indices on this node will marked read-only
[2018-04-12T02:16:24,433][WARN ][o.e.c.r.a.DiskThresholdMonitor] [RagtjN4] flood stage disk watermark [95%] exceeded on [RagtjN4ISTy7QhnqKHoz3g][RagtjN4][/home/helios/Desktop/easclepius/elasticsearch-6.2.3/data/nodes/0] free: 212.6mb[2.8%], all indices on this node will marked read-only
[2018-04-12T02:16:54,447][WARN ][o.e.c.r.a.DiskThresholdMonitor] [RagtjN4] flood stage disk watermark [95%] exceeded on [RagtjN4ISTy7QhnqKHoz3g][RagtjN4][/home/helios/Desktop/easclepius/elasticsearch-6.2.3/data/nodes/0] free: 212.6mb[2.8%], all indices on this node will marked read-only
[2018-04-12T02:17:24,466][WARN ][o.e.c.r.a.DiskThresholdMonitor] [RagtjN4] flood stage disk watermark [95%] exceeded on [RagtjN4ISTy7QhnqKHoz3g][RagtjN4][/home/helios/Desktop/easclepius/elasticsearch-6.2.3/data/nodes/0] free: 212.6mb[2.8%], all indices on this node will marked read-only
[2018-04-12T02:17:54,490][WARN ][o.e.c.r.a.DiskThresholdMonitor] [RagtjN4] flood stage disk watermark [95%] exceeded on [RagtjN4ISTy7QhnqKHoz3g][RagtjN4][/home/helios/Desktop/easclepius/elasticsearch-6.2.3/data/nodes/0] free: 212.6mb[2.8%], all indices on this node will marked read-only
[2018-04-12T02:18:24,497][WARN ][o.e.c.r.a.DiskThresholdMonitor] [RagtjN4] flood stage disk watermark [95%] exceeded on [RagtjN4ISTy7QhnqKHoz3g][RagtjN4][/home/helios/Desktop/easclepius/elasticsearch-6.2.3/data/nodes/0] free: 212.6mb[2.8%], all indices on this node will marked read-only
[2018-04-12T02:18:54,520][WARN ][o.e.c.r.a.DiskThresholdMonitor] [RagtjN4] flood stage disk watermark [95%] exceeded on [RagtjN4ISTy7QhnqKHoz3g][RagtjN4][/home/helios/Desktop/easclepius/elasticsearch-6.2.3/data/nodes/0] free: 212.6mb[2.8%], all indices on this node will marked read-only
[2018-04-12T02:19:24,587][WARN ][o.e.c.r.a.DiskThresholdMonitor] [RagtjN4] flood stage disk watermark [95%] exceeded on [RagtjN4ISTy7QhnqKHoz3g][RagtjN4][/home/helios/Desktop/easclepius/elasticsearch-6.2.3/data/nodes/0] free: 212.6mb[2.8%], all indices on this node will marked read-only
[2018-04-12T02:19:54,600][WARN ][o.e.c.r.a.DiskThresholdMonitor] [RagtjN4] flood stage disk watermark [95%] exceeded on [RagtjN4ISTy7QhnqKHoz3g][RagtjN4][/home/helios/Desktop/easclepius/elasticsearch-6.2.3/data/nodes/0] free: 212.6mb[2.8%], all indices on this node will marked read-only
[2018-04-12T02:20:24,623][WARN ][o.e.c.r.a.DiskThresholdMonitor] [RagtjN4] flood stage disk watermark [95%] exceeded on [RagtjN4ISTy7QhnqKHoz3g][RagtjN4][/home/helios/Desktop/easclepius/elasticsearch-6.2.3/data/nodes/0] free: 212.6mb[2.8%], all indices on this node will marked read-only
[2018-04-12T02:20:54,650][WARN ][o.e.c.r.a.DiskThresholdMonitor] [RagtjN4] flood stage disk watermark [95%] exceeded on [RagtjN4ISTy7QhnqKHoz3g][RagtjN4][/home/helios/Desktop/easclepius/elasticsearch-6.2.3/data/nodes/0] free: 212.5mb[2.8%], all indices on this node will marked read-only
[2018-04-12T02:21:24,660][WARN ][o.e.c.r.a.DiskThresholdMonitor] [RagtjN4] flood stage disk watermark [95%] exceeded on [RagtjN4ISTy7QhnqKHoz3g][RagtjN4][/home/helios/Desktop/easclepius/elasticsearch-6.2.3/data/nodes/0] free: 212.4mb[2.8%], all indices on this node will marked read-only
[2018-04-12T02:21:54,673][WARN ][o.e.c.r.a.DiskThresholdMonitor] [RagtjN4] flood stage disk watermark [95%] exceeded on [RagtjN4ISTy7QhnqKHoz3g][RagtjN4][/home/helios/Desktop/easclepius/elasticsearch-6.2.3/data/nodes/0] free: 212.4mb[2.8%], all indices on this node will marked read-only
[2018-04-12T02:22:24,692][WARN ][o.e.c.r.a.DiskThresholdMonitor] [RagtjN4] flood stage disk watermark [95%] exceeded on [RagtjN4ISTy7QhnqKHoz3g][RagtjN4][/home/helios/Desktop/easclepius/elasticsearch-6.2.3/data/nodes/0] free: 212.4mb[2.8%], all indices on this node will marked read-only
[2018-04-12T02:22:54,705][WARN ][o.e.c.r.a.DiskThresholdMonitor] [RagtjN4] flood stage disk watermark [95%] exceeded on [RagtjN4ISTy7QhnqKHoz3g][RagtjN4][/home/helios/Desktop/easclepius/elasticsearch-6.2.3/data/nodes/0] free: 212.4mb[2.8%], all indices on this node will marked read-only
[2018-04-12T02:23:24,719][WARN ][o.e.c.r.a.DiskThresholdMonitor] [RagtjN4] flood stage disk watermark [95%] exceeded on [RagtjN4ISTy7QhnqKHoz3g][RagtjN4][/home/helios/Desktop/easclepius/elasticsearch-6.2.3/data/nodes/0] free: 212.4mb[2.8%], all indices on this node will marked read-only
[2018-04-12T02:23:54,732][WARN ][o.e.c.r.a.DiskThresholdMonitor] [RagtjN4] flood stage disk watermark [95%] exceeded on [RagtjN4ISTy7QhnqKHoz3g][RagtjN4][/home/helios/Desktop/easclepius/elasticsearch-6.2.3/data/nodes/0] free: 212.4mb[2.8%], all indices on this node will marked read-only
[2018-04-12T02:24:24,739][WARN ][o.e.c.r.a.DiskThresholdMonitor] [RagtjN4] flood stage disk watermark [95%] exceeded on [RagtjN4ISTy7QhnqKHoz3g][RagtjN4][/home/helios/Desktop/easclepius/elasticsearch-6.2.3/data/nodes/0] free: 212.4mb[2.8%], all indices on this node will marked read-only
[2018-04-12T02:24:54,743][WARN ][o.e.c.r.a.DiskThresholdMonitor] [RagtjN4] flood stage disk watermark [95%] exceeded on [RagtjN4ISTy7QhnqKHoz3g][RagtjN4][/home/helios/Desktop/easclepius/elasticsearch-6.2.3/data/nodes/0] free: 212.4mb[2.8%], all indices on this node will marked read-only
[2018-04-12T02:25:24,755][WARN ][o.e.c.r.a.DiskThresholdMonitor] [RagtjN4] flood stage disk watermark [95%] exceeded on [RagtjN4ISTy7QhnqKHoz3g][RagtjN4][/home/helios/Desktop/easclepius/elasticsearch-6.2.3/data/nodes/0] free: 212.4mb[2.8%], all indices on this node will marked read-only
[2018-04-12T02:25:54,763][WARN ][o.e.c.r.a.DiskThresholdMonitor] [RagtjN4] flood stage disk watermark [95%] exceeded on [RagtjN4ISTy7QhnqKHoz3g][RagtjN4][/home/helios/Desktop/easclepius/elasticsearch-6.2.3/data/nodes/0] free: 212.4mb[2.8%], all indices on this node will marked read-only
[2018-04-12T02:26:24,776][WARN ][o.e.c.r.a.DiskThresholdMonitor] [RagtjN4] flood stage disk watermark [95%] exceeded on [RagtjN4ISTy7QhnqKHoz3g][RagtjN4][/home/helios/Desktop/easclepius/elasticsearch-6.2.3/data/nodes/0] free: 212.3mb[2.8%], all indices on this node will marked read-only
[2018-04-12T02:26:54,786][WARN ][o.e.c.r.a.DiskThresholdMonitor] [RagtjN4] flood stage disk watermark [95%] exceeded on [RagtjN4ISTy7QhnqKHoz3g][RagtjN4][/home/helios/Desktop/easclepius/elasticsearch-6.2.3/data/nodes/0] free: 212.3mb[2.8%], all indices on this node will marked read-only
[2018-04-12T02:27:24,798][WARN ][o.e.c.r.a.DiskThresholdMonitor] [RagtjN4] flood stage disk watermark [95%] exceeded on [RagtjN4ISTy7QhnqKHoz3g][RagtjN4][/home/helios/Desktop/easclepius/elasticsearch-6.2.3/data/nodes/0] free: 212.3mb[2.8%], all indices on this node will marked read-only
[2018-04-12T02:27:54,802][WARN ][o.e.c.r.a.DiskThresholdMonitor] [RagtjN4] flood stage disk watermark [95%] exceeded on [RagtjN4ISTy7QhnqKHoz3g][RagtjN4][/home/helios/Desktop/easclepius/elasticsearch-6.2.3/data/nodes/0] free: 212.3mb[2.8%], all indices on this node will marked read-only
[2018-04-12T02:28:24,807][WARN ][o.e.c.r.a.DiskThresholdMonitor] [RagtjN4] flood stage disk watermark [95%] exceeded on [RagtjN4ISTy7QhnqKHoz3g][RagtjN4][/home/helios/Desktop/easclepius/elasticsearch-6.2.3/data/nodes/0] free: 212mb[2.8%], all indices on this node will marked read-only
[2018-04-12T02:28:54,826][WARN ][o.e.c.r.a.DiskThresholdMonitor] [RagtjN4] flood stage disk watermark [95%] exceeded on [RagtjN4ISTy7QhnqKHoz3g][RagtjN4][/home/helios/Desktop/easclepius/elasticsearch-6.2.3/data/nodes/0] free: 212mb[2.8%], all indices on this node will marked read-only
[2018-04-12T02:29:24,831][WARN ][o.e.c.r.a.DiskThresholdMonitor] [RagtjN4] flood stage disk watermark [95%] exceeded on [RagtjN4ISTy7QhnqKHoz3g][RagtjN4][/home/helios/Desktop/easclepius/elasticsearch-6.2.3/data/nodes/0] free: 212mb[2.8%], all indices on this node will marked read-only
[2018-04-12T02:29:54,850][WARN ][o.e.c.r.a.DiskThresholdMonitor] [RagtjN4] flood stage disk watermark [95%] exceeded on [RagtjN4ISTy7QhnqKHoz3g][RagtjN4][/home/helios/Desktop/easclepius/elasticsearch-6.2.3/data/nodes/0] free: 211.6mb[2.8%], all indices on this node will marked read-only
[2018-04-12T02:30:24,855][WARN ][o.e.c.r.a.DiskThresholdMonitor] [RagtjN4] flood stage disk watermark [95%] exceeded on [RagtjN4ISTy7QhnqKHoz3g][RagtjN4][/home/helios/Desktop/easclepius/elasticsearch-6.2.3/data/nodes/0] free: 211.6mb[2.8%], all indices on this node will marked read-only
[2018-04-12T02:30:54,867][WARN ][o.e.c.r.a.DiskThresholdMonitor] [RagtjN4] flood stage disk watermark [95%] exceeded on [RagtjN4ISTy7QhnqKHoz3g][RagtjN4][/home/helios/Desktop/easclepius/elasticsearch-6.2.3/data/nodes/0] free: 211.6mb[2.8%], all indices on this node will marked read-only
[2018-04-12T02:31:24,884][WARN ][o.e.c.r.a.DiskThresholdMonitor] [RagtjN4] flood stage disk watermark [95%] exceeded on [RagtjN4ISTy7QhnqKHoz3g][RagtjN4][/home/helios/Desktop/easclepius/elasticsearch-6.2.3/data/nodes/0] free: 211.6mb[2.8%], all indices on this node will marked read-only
[2018-04-12T02:31:54,901][WARN ][o.e.c.r.a.DiskThresholdMonitor] [RagtjN4] flood stage disk watermark [95%] exceeded on [RagtjN4ISTy7QhnqKHoz3g][RagtjN4][/home/helios/Desktop/easclepius/elasticsearch-6.2.3/data/nodes/0] free: 211.6mb[2.8%], all indices on this node will marked read-only
[2018-04-12T02:32:24,918][WARN ][o.e.c.r.a.DiskThresholdMonitor] [RagtjN4] flood stage disk watermark [95%] exceeded on [RagtjN4ISTy7QhnqKHoz3g][RagtjN4][/home/helios/Desktop/easclepius/elasticsearch-6.2.3/data/nodes/0] free: 211.6mb[2.8%], all indices on this node will marked read-only
[2018-04-12T02:32:54,934][WARN ][o.e.c.r.a.DiskThresholdMonitor] [RagtjN4] flood stage disk watermark [95%] exceeded on [RagtjN4ISTy7QhnqKHoz3g][RagtjN4][/home/helios/Desktop/easclepius/elasticsearch-6.2.3/data/nodes/0] free: 211.6mb[2.8%], all indices on this node will marked read-only
[2018-04-12T02:33:24,945][WARN ][o.e.c.r.a.DiskThresholdMonitor] [RagtjN4] flood stage disk watermark [95%] exceeded on [RagtjN4ISTy7QhnqKHoz3g][RagtjN4][/home/helios/Desktop/easclepius/elasticsearch-6.2.3/data/nodes/0] free: 211.6mb[2.8%], all indices on this node will marked read-only
[2018-04-12T02:33:54,955][WARN ][o.e.c.r.a.DiskThresholdMonitor] [RagtjN4] flood stage disk watermark [95%] exceeded on [RagtjN4ISTy7QhnqKHoz3g][RagtjN4][/home/helios/Desktop/easclepius/elasticsearch-6.2.3/data/nodes/0] free: 211.6mb[2.8%], all indices on this node will marked read-only
[2018-04-12T02:34:24,968][WARN ][o.e.c.r.a.DiskThresholdMonitor] [RagtjN4] flood stage disk watermark [95%] exceeded on [RagtjN4ISTy7QhnqKHoz3g][RagtjN4][/home/helios/Desktop/easclepius/elasticsearch-6.2.3/data/nodes/0] free: 211.6mb[2.8%], all indices on this node will marked read-only
[2018-04-12T02:34:54,981][WARN ][o.e.c.r.a.DiskThresholdMonitor] [RagtjN4] flood stage disk watermark [95%] exceeded on [RagtjN4ISTy7QhnqKHoz3g][RagtjN4][/home/helios/Desktop/easclepius/elasticsearch-6.2.3/data/nodes/0] free: 211.6mb[2.8%], all indices on this node will marked read-only
[2018-04-12T02:35:24,988][WARN ][o.e.c.r.a.DiskThresholdMonitor] [RagtjN4] flood stage disk watermark [95%] exceeded on [RagtjN4ISTy7QhnqKHoz3g][RagtjN4][/home/helios/Desktop/easclepius/elasticsearch-6.2.3/data/nodes/0] free: 211.6mb[2.8%], all indices on this node will marked read-only
[2018-04-12T02:35:54,992][WARN ][o.e.c.r.a.DiskThresholdMonitor] [RagtjN4] flood stage disk watermark [95%] exceeded on [RagtjN4ISTy7QhnqKHoz3g][RagtjN4][/home/helios/Desktop/easclepius/elasticsearch-6.2.3/data/nodes/0] free: 211.6mb[2.8%], all indices on this node will marked read-only
[2018-04-12T02:36:25,003][WARN ][o.e.c.r.a.DiskThresholdMonitor] [RagtjN4] flood stage disk watermark [95%] exceeded on [RagtjN4ISTy7QhnqKHoz3g][RagtjN4][/home/helios/Desktop/easclepius/elasticsearch-6.2.3/data/nodes/0] free: 211.6mb[2.8%], all indices on this node will marked read-only
[2018-04-12T02:36:55,020][WARN ][o.e.c.r.a.DiskThresholdMonitor] [RagtjN4] flood stage disk watermark [95%] exceeded on [RagtjN4ISTy7QhnqKHoz3g][RagtjN4][/home/helios/Desktop/easclepius/elasticsearch-6.2.3/data/nodes/0] free: 211.6mb[2.8%], all indices on this node will marked read-only
[2018-04-12T02:37:25,056][WARN ][o.e.c.r.a.DiskThresholdMonitor] [RagtjN4] flood stage disk watermark [95%] exceeded on [RagtjN4ISTy7QhnqKHoz3g][RagtjN4][/home/helios/Desktop/easclepius/elasticsearch-6.2.3/data/nodes/0] free: 211.7mb[2.8%], all indices on this node will marked read-only
[2018-04-12T02:37:55,064][WARN ][o.e.c.r.a.DiskThresholdMonitor] [RagtjN4] flood stage disk watermark [95%] exceeded on [RagtjN4ISTy7QhnqKHoz3g][RagtjN4][/home/helios/Desktop/easclepius/elasticsearch-6.2.3/data/nodes/0] free: 211.7mb[2.8%], all indices on this node will marked read-only
[2018-04-12T02:38:25,083][WARN ][o.e.c.r.a.DiskThresholdMonitor] [RagtjN4] flood stage disk watermark [95%] exceeded on [RagtjN4ISTy7QhnqKHoz3g][RagtjN4][/home/helios/Desktop/easclepius/elasticsearch-6.2.3/data/nodes/0] free: 211.7mb[2.8%], all indices on this node will marked read-only
[2018-04-12T02:38:55,103][WARN ][o.e.c.r.a.DiskThresholdMonitor] [RagtjN4] flood stage disk watermark [95%] exceeded on [RagtjN4ISTy7QhnqKHoz3g][RagtjN4][/home/helios/Desktop/easclepius/elasticsearch-6.2.3/data/nodes/0] free: 211.6mb[2.8%], all indices on this node will marked read-only
[2018-04-12T02:39:25,114][WARN ][o.e.c.r.a.DiskThresholdMonitor] [RagtjN4] flood stage disk watermark [95%] exceeded on [RagtjN4ISTy7QhnqKHoz3g][RagtjN4][/home/helios/Desktop/easclepius/elasticsearch-6.2.3/data/nodes/0] free: 211.6mb[2.8%], all indices on this node will marked read-only
[2018-04-12T02:39:55,126][WARN ][o.e.c.r.a.DiskThresholdMonitor] [RagtjN4] flood stage disk watermark [95%] exceeded on [RagtjN4ISTy7QhnqKHoz3g][RagtjN4][/home/helios/Desktop/easclepius/elasticsearch-6.2.3/data/nodes/0] free: 211.7mb[2.8%], all indices on this node will marked read-only
[2018-04-12T02:40:25,129][WARN ][o.e.c.r.a.DiskThresholdMonitor] [RagtjN4] flood stage disk watermark [95%] exceeded on [RagtjN4ISTy7QhnqKHoz3g][RagtjN4][/home/helios/Desktop/easclepius/elasticsearch-6.2.3/data/nodes/0] free: 211.7mb[2.8%], all indices on this node will marked read-only
[2018-04-12T02:40:55,144][WARN ][o.e.c.r.a.DiskThresholdMonitor] [RagtjN4] flood stage disk watermark [95%] exceeded on [RagtjN4ISTy7QhnqKHoz3g][RagtjN4][/home/helios/Desktop/easclepius/elasticsearch-6.2.3/data/nodes/0] free: 211.6mb[2.8%], all indices on this node will marked read-only
[2018-04-12T02:41:25,153][WARN ][o.e.c.r.a.DiskThresholdMonitor] [RagtjN4] flood stage disk watermark [95%] exceeded on [RagtjN4ISTy7QhnqKHoz3g][RagtjN4][/home/helios/Desktop/easclepius/elasticsearch-6.2.3/data/nodes/0] free: 211.6mb[2.8%], all indices on this node will marked read-only
[2018-04-12T02:41:55,162][WARN ][o.e.c.r.a.DiskThresholdMonitor] [RagtjN4] flood stage disk watermark [95%] exceeded on [RagtjN4ISTy7QhnqKHoz3g][RagtjN4][/home/helios/Desktop/easclepius/elasticsearch-6.2.3/data/nodes/0] free: 211.1mb[2.8%], all indices on this node will marked read-only
[2018-04-12T02:42:25,183][WARN ][o.e.c.r.a.DiskThresholdMonitor] [RagtjN4] flood stage disk watermark [95%] exceeded on [RagtjN4ISTy7QhnqKHoz3g][RagtjN4][/home/helios/Desktop/easclepius/elasticsearch-6.2.3/data/nodes/0] free: 209.6mb[2.8%], all indices on this node will marked read-only
[2018-04-12T02:42:55,197][WARN ][o.e.c.r.a.DiskThresholdMonitor] [RagtjN4] flood stage disk watermark [95%] exceeded on [RagtjN4ISTy7QhnqKHoz3g][RagtjN4][/home/helios/Desktop/easclepius/elasticsearch-6.2.3/data/nodes/0] free: 209.6mb[2.8%], all indices on this node will marked read-only
[2018-04-12T02:43:25,211][WARN ][o.e.c.r.a.DiskThresholdMonitor] [RagtjN4] flood stage disk watermark [95%] exceeded on [RagtjN4ISTy7QhnqKHoz3g][RagtjN4][/home/helios/Desktop/easclepius/elasticsearch-6.2.3/data/nodes/0] free: 209.6mb[2.8%], all indices on this node will marked read-only
[2018-04-12T02:43:55,218][WARN ][o.e.c.r.a.DiskThresholdMonitor] [RagtjN4] flood stage disk watermark [95%] exceeded on [RagtjN4ISTy7QhnqKHoz3g][RagtjN4][/home/helios/Desktop/easclepius/elasticsearch-6.2.3/data/nodes/0] free: 209.5mb[2.8%], all indices on this node will marked read-only
[2018-04-12T02:44:25,229][WARN ][o.e.c.r.a.DiskThresholdMonitor] [RagtjN4] flood stage disk watermark [95%] exceeded on [RagtjN4ISTy7QhnqKHoz3g][RagtjN4][/home/helios/Desktop/easclepius/elasticsearch-6.2.3/data/nodes/0] free: 209.4mb[2.8%], all indices on this node will marked read-only
[2018-04-12T02:44:55,238][WARN ][o.e.c.r.a.DiskThresholdMonitor] [RagtjN4] flood stage disk watermark [95%] exceeded on [RagtjN4ISTy7QhnqKHoz3g][RagtjN4][/home/helios/Desktop/easclepius/elasticsearch-6.2.3/data/nodes/0] free: 209.4mb[2.8%], all indices on this node will marked read-only
[2018-04-12T02:45:25,247][WARN ][o.e.c.r.a.DiskThresholdMonitor] [RagtjN4] flood stage disk watermark [95%] exceeded on [RagtjN4ISTy7QhnqKHoz3g][RagtjN4][/home/helios/Desktop/easclepius/elasticsearch-6.2.3/data/nodes/0] free: 209.4mb[2.8%], all indices on this node will marked read-only
[2018-04-12T02:45:55,261][WARN ][o.e.c.r.a.DiskThresholdMonitor] [RagtjN4] flood stage disk watermark [95%] exceeded on [RagtjN4ISTy7QhnqKHoz3g][RagtjN4][/home/helios/Desktop/easclepius/elasticsearch-6.2.3/data/nodes/0] free: 209.4mb[2.8%], all indices on this node will marked read-only
[2018-04-12T02:46:25,265][WARN ][o.e.c.r.a.DiskThresholdMonitor] [RagtjN4] flood stage disk watermark [95%] exceeded on [RagtjN4ISTy7QhnqKHoz3g][RagtjN4][/home/helios/Desktop/easclepius/elasticsearch-6.2.3/data/nodes/0] free: 209.4mb[2.8%], all indices on this node will marked read-only
[2018-04-12T02:46:55,281][WARN ][o.e.c.r.a.DiskThresholdMonitor] [RagtjN4] flood stage disk watermark [95%] exceeded on [RagtjN4ISTy7QhnqKHoz3g][RagtjN4][/home/helios/Desktop/easclepius/elasticsearch-6.2.3/data/nodes/0] free: 208mb[2.7%], all indices on this node will marked read-only
[2018-04-12T02:47:25,289][WARN ][o.e.c.r.a.DiskThresholdMonitor] [RagtjN4] flood stage disk watermark [95%] exceeded on [RagtjN4ISTy7QhnqKHoz3g][RagtjN4][/home/helios/Desktop/easclepius/elasticsearch-6.2.3/data/nodes/0] free: 208mb[2.7%], all indices on this node will marked read-only
[2018-04-12T02:47:55,299][WARN ][o.e.c.r.a.DiskThresholdMonitor] [RagtjN4] flood stage disk watermark [95%] exceeded on [RagtjN4ISTy7QhnqKHoz3g][RagtjN4][/home/helios/Desktop/easclepius/elasticsearch-6.2.3/data/nodes/0] free: 208.1mb[2.7%], all indices on this node will marked read-only
[2018-04-12T02:48:25,313][WARN ][o.e.c.r.a.DiskThresholdMonitor] [RagtjN4] flood stage disk watermark [95%] exceeded on [RagtjN4ISTy7QhnqKHoz3g][RagtjN4][/home/helios/Desktop/easclepius/elasticsearch-6.2.3/data/nodes/0] free: 208.1mb[2.7%], all indices on this node will marked read-only
[2018-04-12T02:48:55,329][WARN ][o.e.c.r.a.DiskThresholdMonitor] [RagtjN4] flood stage disk watermark [95%] exceeded on [RagtjN4ISTy7QhnqKHoz3g][RagtjN4][/home/helios/Desktop/easclepius/elasticsearch-6.2.3/data/nodes/0] free: 207.7mb[2.7%], all indices on this node will marked read-only
[2018-04-12T02:49:25,341][WARN ][o.e.c.r.a.DiskThresholdMonitor] [RagtjN4] flood stage disk watermark [95%] exceeded on [RagtjN4ISTy7QhnqKHoz3g][RagtjN4][/home/helios/Desktop/easclepius/elasticsearch-6.2.3/data/nodes/0] free: 207.8mb[2.7%], all indices on this node will marked read-only
[2018-04-12T02:49:55,346][WARN ][o.e.c.r.a.DiskThresholdMonitor] [RagtjN4] flood stage disk watermark [95%] exceeded on [RagtjN4ISTy7QhnqKHoz3g][RagtjN4][/home/helios/Desktop/easclepius/elasticsearch-6.2.3/data/nodes/0] free: 207.8mb[2.7%], all indices on this node will marked read-only
[2018-04-12T02:50:25,350][WARN ][o.e.c.r.a.DiskThresholdMonitor] [RagtjN4] flood stage disk watermark [95%] exceeded on [RagtjN4ISTy7QhnqKHoz3g][RagtjN4][/home/helios/Desktop/easclepius/elasticsearch-6.2.3/data/nodes/0] free: 207.8mb[2.7%], all indices on this node will marked read-only
[2018-04-12T02:50:55,363][WARN ][o.e.c.r.a.DiskThresholdMonitor] [RagtjN4] flood stage disk watermark [95%] exceeded on [RagtjN4ISTy7QhnqKHoz3g][RagtjN4][/home/helios/Desktop/easclepius/elasticsearch-6.2.3/data/nodes/0] free: 207.8mb[2.7%], all indices on this node will marked read-only
[2018-04-12T02:51:25,372][WARN ][o.e.c.r.a.DiskThresholdMonitor] [RagtjN4] flood stage disk watermark [95%] exceeded on [RagtjN4ISTy7QhnqKHoz3g][RagtjN4][/home/helios/Desktop/easclepius/elasticsearch-6.2.3/data/nodes/0] free: 207.5mb[2.7%], all indices on this node will marked read-only
[2018-04-12T02:51:55,385][WARN ][o.e.c.r.a.DiskThresholdMonitor] [RagtjN4] flood stage disk watermark [95%] exceeded on [RagtjN4ISTy7QhnqKHoz3g][RagtjN4][/home/helios/Desktop/easclepius/elasticsearch-6.2.3/data/nodes/0] free: 207.5mb[2.7%], all indices on this node will marked read-only
[2018-04-12T02:52:25,398][WARN ][o.e.c.r.a.DiskThresholdMonitor] [RagtjN4] flood stage disk watermark [95%] exceeded on [RagtjN4ISTy7QhnqKHoz3g][RagtjN4][/home/helios/Desktop/easclepius/elasticsearch-6.2.3/data/nodes/0] free: 207.5mb[2.7%], all indices on this node will marked read-only
[2018-04-12T02:52:55,414][WARN ][o.e.c.r.a.DiskThresholdMonitor] [RagtjN4] flood stage disk watermark [95%] exceeded on [RagtjN4ISTy7QhnqKHoz3g][RagtjN4][/home/helios/Desktop/easclepius/elasticsearch-6.2.3/data/nodes/0] free: 207.5mb[2.7%], all indices on this node will marked read-only
[2018-04-12T02:53:25,419][WARN ][o.e.c.r.a.DiskThresholdMonitor] [RagtjN4] flood stage disk watermark [95%] exceeded on [RagtjN4ISTy7QhnqKHoz3g][RagtjN4][/home/helios/Desktop/easclepius/elasticsearch-6.2.3/data/nodes/0] free: 206.7mb[2.7%], all indices on this node will marked read-only
[2018-04-12T02:53:55,435][WARN ][o.e.c.r.a.DiskThresholdMonitor] [RagtjN4] flood stage disk watermark [95%] exceeded on [RagtjN4ISTy7QhnqKHoz3g][RagtjN4][/home/helios/Desktop/easclepius/elasticsearch-6.2.3/data/nodes/0] free: 206.4mb[2.7%], all indices on this node will marked read-only
[2018-04-12T02:54:25,447][WARN ][o.e.c.r.a.DiskThresholdMonitor] [RagtjN4] flood stage disk watermark [95%] exceeded on [RagtjN4ISTy7QhnqKHoz3g][RagtjN4][/home/helios/Desktop/easclepius/elasticsearch-6.2.3/data/nodes/0] free: 206.4mb[2.7%], all indices on this node will marked read-only
[2018-04-12T02:54:55,453][WARN ][o.e.c.r.a.DiskThresholdMonitor] [RagtjN4] flood stage disk watermark [95%] exceeded on [RagtjN4ISTy7QhnqKHoz3g][RagtjN4][/home/helios/Desktop/easclepius/elasticsearch-6.2.3/data/nodes/0] free: 206.4mb[2.7%], all indices on this node will marked read-only
[2018-04-12T02:55:25,464][WARN ][o.e.c.r.a.DiskThresholdMonitor] [RagtjN4] flood stage disk watermark [95%] exceeded on [RagtjN4ISTy7QhnqKHoz3g][RagtjN4][/home/helios/Desktop/easclepius/elasticsearch-6.2.3/data/nodes/0] free: 206.4mb[2.7%], all indices on this node will marked read-only
[2018-04-12T02:55:55,480][WARN ][o.e.c.r.a.DiskThresholdMonitor] [RagtjN4] flood stage disk watermark [95%] exceeded on [RagtjN4ISTy7QhnqKHoz3g][RagtjN4][/home/helios/Desktop/easclepius/elasticsearch-6.2.3/data/nodes/0] free: 206.4mb[2.7%], all indices on this node will marked read-only
[2018-04-12T02:56:25,765][WARN ][o.e.c.r.a.DiskThresholdMonitor] [RagtjN4] flood stage disk watermark [95%] exceeded on [RagtjN4ISTy7QhnqKHoz3g][RagtjN4][/home/helios/Desktop/easclepius/elasticsearch-6.2.3/data/nodes/0] free: 206.4mb[2.7%], all indices on this node will marked read-only
[2018-04-12T02:56:55,837][WARN ][o.e.c.r.a.DiskThresholdMonitor] [RagtjN4] flood stage disk watermark [95%] exceeded on [RagtjN4ISTy7QhnqKHoz3g][RagtjN4][/home/helios/Desktop/easclepius/elasticsearch-6.2.3/data/nodes/0] free: 206.3mb[2.7%], all indices on this node will marked read-only
[2018-04-12T02:57:25,842][WARN ][o.e.c.r.a.DiskThresholdMonitor] [RagtjN4] flood stage disk watermark [95%] exceeded on [RagtjN4ISTy7QhnqKHoz3g][RagtjN4][/home/helios/Desktop/easclepius/elasticsearch-6.2.3/data/nodes/0] free: 206.3mb[2.7%], all indices on this node will marked read-only
[2018-04-12T02:57:55,857][WARN ][o.e.c.r.a.DiskThresholdMonitor] [RagtjN4] flood stage disk watermark [95%] exceeded on [RagtjN4ISTy7QhnqKHoz3g][RagtjN4][/home/helios/Desktop/easclepius/elasticsearch-6.2.3/data/nodes/0] free: 206.3mb[2.7%], all indices on this node will marked read-only
[2018-04-12T02:58:25,867][WARN ][o.e.c.r.a.DiskThresholdMonitor] [RagtjN4] flood stage disk watermark [95%] exceeded on [RagtjN4ISTy7QhnqKHoz3g][RagtjN4][/home/helios/Desktop/easclepius/elasticsearch-6.2.3/data/nodes/0] free: 206.3mb[2.7%], all indices on this node will marked read-only
[2018-04-12T02:58:55,888][WARN ][o.e.c.r.a.DiskThresholdMonitor] [RagtjN4] flood stage disk watermark [95%] exceeded on [RagtjN4ISTy7QhnqKHoz3g][RagtjN4][/home/helios/Desktop/easclepius/elasticsearch-6.2.3/data/nodes/0] free: 206.3mb[2.7%], all indices on this node will marked read-only
[2018-04-12T02:59:25,899][WARN ][o.e.c.r.a.DiskThresholdMonitor] [RagtjN4] flood stage disk watermark [95%] exceeded on [RagtjN4ISTy7QhnqKHoz3g][RagtjN4][/home/helios/Desktop/easclepius/elasticsearch-6.2.3/data/nodes/0] free: 206.3mb[2.7%], all indices on this node will marked read-only
[2018-04-12T02:59:55,917][WARN ][o.e.c.r.a.DiskThresholdMonitor] [RagtjN4] flood stage disk watermark [95%] exceeded on [RagtjN4ISTy7QhnqKHoz3g][RagtjN4][/home/helios/Desktop/easclepius/elasticsearch-6.2.3/data/nodes/0] free: 206.3mb[2.7%], all indices on this node will marked read-only
[2018-04-12T03:00:25,932][WARN ][o.e.c.r.a.DiskThresholdMonitor] [RagtjN4] flood stage disk watermark [95%] exceeded on [RagtjN4ISTy7QhnqKHoz3g][RagtjN4][/home/helios/Desktop/easclepius/elasticsearch-6.2.3/data/nodes/0] free: 206.3mb[2.7%], all indices on this node will marked read-only
[2018-04-12T03:00:55,939][WARN ][o.e.c.r.a.DiskThresholdMonitor] [RagtjN4] flood stage disk watermark [95%] exceeded on [RagtjN4ISTy7QhnqKHoz3g][RagtjN4][/home/helios/Desktop/easclepius/elasticsearch-6.2.3/data/nodes/0] free: 206.3mb[2.7%], all indices on this node will marked read-only
[2018-04-12T03:01:25,951][WARN ][o.e.c.r.a.DiskThresholdMonitor] [RagtjN4] flood stage disk watermark [95%] exceeded on [RagtjN4ISTy7QhnqKHoz3g][RagtjN4][/home/helios/Desktop/easclepius/elasticsearch-6.2.3/data/nodes/0] free: 206.2mb[2.7%], all indices on this node will marked read-only
[2018-04-12T03:01:55,964][WARN ][o.e.c.r.a.DiskThresholdMonitor] [RagtjN4] flood stage disk watermark [95%] exceeded on [RagtjN4ISTy7QhnqKHoz3g][RagtjN4][/home/helios/Desktop/easclepius/elasticsearch-6.2.3/data/nodes/0] free: 206.2mb[2.7%], all indices on this node will marked read-only
[2018-04-12T03:02:25,978][WARN ][o.e.c.r.a.DiskThresholdMonitor] [RagtjN4] flood stage disk watermark [95%] exceeded on [RagtjN4ISTy7QhnqKHoz3g][RagtjN4][/home/helios/Desktop/easclepius/elasticsearch-6.2.3/data/nodes/0] free: 206.2mb[2.7%], all indices on this node will marked read-only
[2018-04-12T03:02:55,985][WARN ][o.e.c.r.a.DiskThresholdMonitor] [RagtjN4] flood stage disk watermark [95%] exceeded on [RagtjN4ISTy7QhnqKHoz3g][RagtjN4][/home/helios/Desktop/easclepius/elasticsearch-6.2.3/data/nodes/0] free: 206.2mb[2.7%], all indices on this node will marked read-only
[2018-04-12T03:03:25,996][WARN ][o.e.c.r.a.DiskThresholdMonitor] [RagtjN4] flood stage disk watermark [95%] exceeded on [RagtjN4ISTy7QhnqKHoz3g][RagtjN4][/home/helios/Desktop/easclepius/elasticsearch-6.2.3/data/nodes/0] free: 206.2mb[2.7%], all indices on this node will marked read-only
[2018-04-12T03:03:56,000][WARN ][o.e.c.r.a.DiskThresholdMonitor] [RagtjN4] flood stage disk watermark [95%] exceeded on [RagtjN4ISTy7QhnqKHoz3g][RagtjN4][/home/helios/Desktop/easclepius/elasticsearch-6.2.3/data/nodes/0] free: 206.2mb[2.7%], all indices on this node will marked read-only
[2018-04-12T03:04:26,013][WARN ][o.e.c.r.a.DiskThresholdMonitor] [RagtjN4] flood stage disk watermark [95%] exceeded on [RagtjN4ISTy7QhnqKHoz3g][RagtjN4][/home/helios/Desktop/easclepius/elasticsearch-6.2.3/data/nodes/0] free: 206.2mb[2.7%], all indices on this node will marked read-only
[2018-04-12T03:04:56,025][WARN ][o.e.c.r.a.DiskThresholdMonitor] [RagtjN4] flood stage disk watermark [95%] exceeded on [RagtjN4ISTy7QhnqKHoz3g][RagtjN4][/home/helios/Desktop/easclepius/elasticsearch-6.2.3/data/nodes/0] free: 206.2mb[2.7%], all indices on this node will marked read-only
[2018-04-12T03:05:26,046][WARN ][o.e.c.r.a.DiskThresholdMonitor] [RagtjN4] flood stage disk watermark [95%] exceeded on [RagtjN4ISTy7QhnqKHoz3g][RagtjN4][/home/helios/Desktop/easclepius/elasticsearch-6.2.3/data/nodes/0] free: 206.2mb[2.7%], all indices on this node will marked read-only
[2018-04-12T03:05:56,051][WARN ][o.e.c.r.a.DiskThresholdMonitor] [RagtjN4] flood stage disk watermark [95%] exceeded on [RagtjN4ISTy7QhnqKHoz3g][RagtjN4][/home/helios/Desktop/easclepius/elasticsearch-6.2.3/data/nodes/0] free: 206.2mb[2.7%], all indices on this node will marked read-only
[2018-04-12T03:06:26,066][WARN ][o.e.c.r.a.DiskThresholdMonitor] [RagtjN4] flood stage disk watermark [95%] exceeded on [RagtjN4ISTy7QhnqKHoz3g][RagtjN4][/home/helios/Desktop/easclepius/elasticsearch-6.2.3/data/nodes/0] free: 205.8mb[2.7%], all indices on this node will marked read-only
[2018-04-12T03:06:56,072][WARN ][o.e.c.r.a.DiskThresholdMonitor] [RagtjN4] flood stage disk watermark [95%] exceeded on [RagtjN4ISTy7QhnqKHoz3g][RagtjN4][/home/helios/Desktop/easclepius/elasticsearch-6.2.3/data/nodes/0] free: 205.8mb[2.7%], all indices on this node will marked read-only
[2018-04-12T03:07:26,075][WARN ][o.e.c.r.a.DiskThresholdMonitor] [RagtjN4] flood stage disk watermark [95%] exceeded on [RagtjN4ISTy7QhnqKHoz3g][RagtjN4][/home/helios/Desktop/easclepius/elasticsearch-6.2.3/data/nodes/0] free: 205.5mb[2.7%], all indices on this node will marked read-only
[2018-04-12T03:07:56,084][WARN ][o.e.c.r.a.DiskThresholdMonitor] [RagtjN4] flood stage disk watermark [95%] exceeded on [RagtjN4ISTy7QhnqKHoz3g][RagtjN4][/home/helios/Desktop/easclepius/elasticsearch-6.2.3/data/nodes/0] free: 205.5mb[2.7%], all indices on this node will marked read-only
[2018-04-12T03:08:26,094][WARN ][o.e.c.r.a.DiskThresholdMonitor] [RagtjN4] flood stage disk watermark [95%] exceeded on [RagtjN4ISTy7QhnqKHoz3g][RagtjN4][/home/helios/Desktop/easclepius/elasticsearch-6.2.3/data/nodes/0] free: 205.5mb[2.7%], all indices on this node will marked read-only
[2018-04-12T03:08:56,106][WARN ][o.e.c.r.a.DiskThresholdMonitor] [RagtjN4] flood stage disk watermark [95%] exceeded on [RagtjN4ISTy7QhnqKHoz3g][RagtjN4][/home/helios/Desktop/easclepius/elasticsearch-6.2.3/data/nodes/0] free: 205.2mb[2.7%], all indices on this node will marked read-only
[2018-04-12T03:09:26,115][WARN ][o.e.c.r.a.DiskThresholdMonitor] [RagtjN4] flood stage disk watermark [95%] exceeded on [RagtjN4ISTy7QhnqKHoz3g][RagtjN4][/home/helios/Desktop/easclepius/elasticsearch-6.2.3/data/nodes/0] free: 205.1mb[2.7%], all indices on this node will marked read-only
[2018-04-12T03:09:56,121][WARN ][o.e.c.r.a.DiskThresholdMonitor] [RagtjN4] flood stage disk watermark [95%] exceeded on [RagtjN4ISTy7QhnqKHoz3g][RagtjN4][/home/helios/Desktop/easclepius/elasticsearch-6.2.3/data/nodes/0] free: 205.1mb[2.7%], all indices on this node will marked read-only
[2018-04-12T03:10:26,127][WARN ][o.e.c.r.a.DiskThresholdMonitor] [RagtjN4] flood stage disk watermark [95%] exceeded on [RagtjN4ISTy7QhnqKHoz3g][RagtjN4][/home/helios/Desktop/easclepius/elasticsearch-6.2.3/data/nodes/0] free: 205.1mb[2.7%], all indices on this node will marked read-only
[2018-04-12T03:10:56,140][WARN ][o.e.c.r.a.DiskThresholdMonitor] [RagtjN4] flood stage disk watermark [95%] exceeded on [RagtjN4ISTy7QhnqKHoz3g][RagtjN4][/home/helios/Desktop/easclepius/elasticsearch-6.2.3/data/nodes/0] free: 205.1mb[2.7%], all indices on this node will marked read-only
[2018-04-12T03:11:26,168][WARN ][o.e.c.r.a.DiskThresholdMonitor] [RagtjN4] flood stage disk watermark [95%] exceeded on [RagtjN4ISTy7QhnqKHoz3g][RagtjN4][/home/helios/Desktop/easclepius/elasticsearch-6.2.3/data/nodes/0] free: 205.1mb[2.7%], all indices on this node will marked read-only
[2018-04-12T03:11:56,180][WARN ][o.e.c.r.a.DiskThresholdMonitor] [RagtjN4] flood stage disk watermark [95%] exceeded on [RagtjN4ISTy7QhnqKHoz3g][RagtjN4][/home/helios/Desktop/easclepius/elasticsearch-6.2.3/data/nodes/0] free: 204.8mb[2.7%], all indices on this node will marked read-only
[2018-04-12T03:12:26,185][WARN ][o.e.c.r.a.DiskThresholdMonitor] [RagtjN4] flood stage disk watermark [95%] exceeded on [RagtjN4ISTy7QhnqKHoz3g][RagtjN4][/home/helios/Desktop/easclepius/elasticsearch-6.2.3/data/nodes/0] free: 204.8mb[2.7%], all indices on this node will marked read-only
[2018-04-12T03:12:56,193][WARN ][o.e.c.r.a.DiskThresholdMonitor] [RagtjN4] flood stage disk watermark [95%] exceeded on [RagtjN4ISTy7QhnqKHoz3g][RagtjN4][/home/helios/Desktop/easclepius/elasticsearch-6.2.3/data/nodes/0] free: 204.7mb[2.7%], all indices on this node will marked read-only
[2018-04-12T03:13:26,198][WARN ][o.e.c.r.a.DiskThresholdMonitor] [RagtjN4] flood stage disk watermark [95%] exceeded on [RagtjN4ISTy7QhnqKHoz3g][RagtjN4][/home/helios/Desktop/easclepius/elasticsearch-6.2.3/data/nodes/0] free: 204.7mb[2.7%], all indices on this node will marked read-only
[2018-04-12T03:13:56,205][WARN ][o.e.c.r.a.DiskThresholdMonitor] [RagtjN4] flood stage disk watermark [95%] exceeded on [RagtjN4ISTy7QhnqKHoz3g][RagtjN4][/home/helios/Desktop/easclepius/elasticsearch-6.2.3/data/nodes/0] free: 204.7mb[2.7%], all indices on this node will marked read-only
[2018-04-12T03:14:26,210][WARN ][o.e.c.r.a.DiskThresholdMonitor] [RagtjN4] flood stage disk watermark [95%] exceeded on [RagtjN4ISTy7QhnqKHoz3g][RagtjN4][/home/helios/Desktop/easclepius/elasticsearch-6.2.3/data/nodes/0] free: 204.7mb[2.7%], all indices on this node will marked read-only
[2018-04-12T03:14:56,220][WARN ][o.e.c.r.a.DiskThresholdMonitor] [RagtjN4] flood stage disk watermark [95%] exceeded on [RagtjN4ISTy7QhnqKHoz3g][RagtjN4][/home/helios/Desktop/easclepius/elasticsearch-6.2.3/data/nodes/0] free: 204.6mb[2.7%], all indices on this node will marked read-only
[2018-04-12T03:15:26,227][WARN ][o.e.c.r.a.DiskThresholdMonitor] [RagtjN4] flood stage disk watermark [95%] exceeded on [RagtjN4ISTy7QhnqKHoz3g][RagtjN4][/home/helios/Desktop/easclepius/elasticsearch-6.2.3/data/nodes/0] free: 204.6mb[2.7%], all indices on this node will marked read-only
[2018-04-12T03:15:56,234][WARN ][o.e.c.r.a.DiskThresholdMonitor] [RagtjN4] flood stage disk watermark [95%] exceeded on [RagtjN4ISTy7QhnqKHoz3g][RagtjN4][/home/helios/Desktop/easclepius/elasticsearch-6.2.3/data/nodes/0] free: 204.8mb[2.7%], all indices on this node will marked read-only
[2018-04-12T03:16:26,260][WARN ][o.e.c.r.a.DiskThresholdMonitor] [RagtjN4] flood stage disk watermark [95%] exceeded on [RagtjN4ISTy7QhnqKHoz3g][RagtjN4][/home/helios/Desktop/easclepius/elasticsearch-6.2.3/data/nodes/0] free: 204.8mb[2.7%], all indices on this node will marked read-only
[2018-04-12T03:16:56,277][WARN ][o.e.c.r.a.DiskThresholdMonitor] [RagtjN4] flood stage disk watermark [95%] exceeded on [RagtjN4ISTy7QhnqKHoz3g][RagtjN4][/home/helios/Desktop/easclepius/elasticsearch-6.2.3/data/nodes/0] free: 204.7mb[2.7%], all indices on this node will marked read-only
[2018-04-12T03:17:26,297][WARN ][o.e.c.r.a.DiskThresholdMonitor] [RagtjN4] flood stage disk watermark [95%] exceeded on [RagtjN4ISTy7QhnqKHoz3g][RagtjN4][/home/helios/Desktop/easclepius/elasticsearch-6.2.3/data/nodes/0] free: 204.7mb[2.7%], all indices on this node will marked read-only
[2018-04-12T03:17:56,309][WARN ][o.e.c.r.a.DiskThresholdMonitor] [RagtjN4] flood stage disk watermark [95%] exceeded on [RagtjN4ISTy7QhnqKHoz3g][RagtjN4][/home/helios/Desktop/easclepius/elasticsearch-6.2.3/data/nodes/0] free: 204.7mb[2.7%], all indices on this node will marked read-only
[2018-04-12T03:18:26,325][WARN ][o.e.c.r.a.DiskThresholdMonitor] [RagtjN4] flood stage disk watermark [95%] exceeded on [RagtjN4ISTy7QhnqKHoz3g][RagtjN4][/home/helios/Desktop/easclepius/elasticsearch-6.2.3/data/nodes/0] free: 204.7mb[2.7%], all indices on this node will marked read-only
[2018-04-12T03:18:56,336][WARN ][o.e.c.r.a.DiskThresholdMonitor] [RagtjN4] flood stage disk watermark [95%] exceeded on [RagtjN4ISTy7QhnqKHoz3g][RagtjN4][/home/helios/Desktop/easclepius/elasticsearch-6.2.3/data/nodes/0] free: 204.7mb[2.7%], all indices on this node will marked read-only
[2018-04-12T03:19:26,350][WARN ][o.e.c.r.a.DiskThresholdMonitor] [RagtjN4] flood stage disk watermark [95%] exceeded on [RagtjN4ISTy7QhnqKHoz3g][RagtjN4][/home/helios/Desktop/easclepius/elasticsearch-6.2.3/data/nodes/0] free: 204.7mb[2.7%], all indices on this node will marked read-only
[2018-04-12T03:19:56,361][WARN ][o.e.c.r.a.DiskThresholdMonitor] [RagtjN4] flood stage disk watermark [95%] exceeded on [RagtjN4ISTy7QhnqKHoz3g][RagtjN4][/home/helios/Desktop/easclepius/elasticsearch-6.2.3/data/nodes/0] free: 204.7mb[2.7%], all indices on this node will marked read-only
[2018-04-12T03:20:26,376][WARN ][o.e.c.r.a.DiskThresholdMonitor] [RagtjN4] flood stage disk watermark [95%] exceeded on [RagtjN4ISTy7QhnqKHoz3g][RagtjN4][/home/helios/Desktop/easclepius/elasticsearch-6.2.3/data/nodes/0] free: 204.7mb[2.7%], all indices on this node will marked read-only
[2018-04-12T03:20:56,392][WARN ][o.e.c.r.a.DiskThresholdMonitor] [RagtjN4] flood stage disk watermark [95%] exceeded on [RagtjN4ISTy7QhnqKHoz3g][RagtjN4][/home/helios/Desktop/easclepius/elasticsearch-6.2.3/data/nodes/0] free: 204.7mb[2.7%], all indices on this node will marked read-only
[2018-04-12T03:21:26,406][WARN ][o.e.c.r.a.DiskThresholdMonitor] [RagtjN4] flood stage disk watermark [95%] exceeded on [RagtjN4ISTy7QhnqKHoz3g][RagtjN4][/home/helios/Desktop/easclepius/elasticsearch-6.2.3/data/nodes/0] free: 204.7mb[2.7%], all indices on this node will marked read-only
[2018-04-12T03:21:56,412][WARN ][o.e.c.r.a.DiskThresholdMonitor] [RagtjN4] flood stage disk watermark [95%] exceeded on [RagtjN4ISTy7QhnqKHoz3g][RagtjN4][/home/helios/Desktop/easclepius/elasticsearch-6.2.3/data/nodes/0] free: 204.7mb[2.7%], all indices on this node will marked read-only
[2018-04-12T03:22:26,417][WARN ][o.e.c.r.a.DiskThresholdMonitor] [RagtjN4] flood stage disk watermark [95%] exceeded on [RagtjN4ISTy7QhnqKHoz3g][RagtjN4][/home/helios/Desktop/easclepius/elasticsearch-6.2.3/data/nodes/0] free: 204.7mb[2.7%], all indices on this node will marked read-only
[2018-04-12T03:22:56,422][WARN ][o.e.c.r.a.DiskThresholdMonitor] [RagtjN4] flood stage disk watermark [95%] exceeded on [RagtjN4ISTy7QhnqKHoz3g][RagtjN4][/home/helios/Desktop/easclepius/elasticsearch-6.2.3/data/nodes/0] free: 204.7mb[2.7%], all indices on this node will marked read-only
[2018-04-12T03:23:26,427][WARN ][o.e.c.r.a.DiskThresholdMonitor] [RagtjN4] flood stage disk watermark [95%] exceeded on [RagtjN4ISTy7QhnqKHoz3g][RagtjN4][/home/helios/Desktop/easclepius/elasticsearch-6.2.3/data/nodes/0] free: 204.7mb[2.7%], all indices on this node will marked read-only
[2018-04-12T03:23:56,433][WARN ][o.e.c.r.a.DiskThresholdMonitor] [RagtjN4] flood stage disk watermark [95%] exceeded on [RagtjN4ISTy7QhnqKHoz3g][RagtjN4][/home/helios/Desktop/easclepius/elasticsearch-6.2.3/data/nodes/0] free: 204.6mb[2.7%], all indices on this node will marked read-only
[2018-04-12T03:24:26,438][WARN ][o.e.c.r.a.DiskThresholdMonitor] [RagtjN4] flood stage disk watermark [95%] exceeded on [RagtjN4ISTy7QhnqKHoz3g][RagtjN4][/home/helios/Desktop/easclepius/elasticsearch-6.2.3/data/nodes/0] free: 204.6mb[2.7%], all indices on this node will marked read-only
[2018-04-12T03:24:56,443][WARN ][o.e.c.r.a.DiskThresholdMonitor] [RagtjN4] flood stage disk watermark [95%] exceeded on [RagtjN4ISTy7QhnqKHoz3g][RagtjN4][/home/helios/Desktop/easclepius/elasticsearch-6.2.3/data/nodes/0] free: 204.6mb[2.7%], all indices on this node will marked read-only
[2018-04-12T03:25:26,450][WARN ][o.e.c.r.a.DiskThresholdMonitor] [RagtjN4] flood stage disk watermark [95%] exceeded on [RagtjN4ISTy7QhnqKHoz3g][RagtjN4][/home/helios/Desktop/easclepius/elasticsearch-6.2.3/data/nodes/0] free: 204.6mb[2.7%], all indices on this node will marked read-only
[2018-04-12T03:25:56,456][WARN ][o.e.c.r.a.DiskThresholdMonitor] [RagtjN4] flood stage disk watermark [95%] exceeded on [RagtjN4ISTy7QhnqKHoz3g][RagtjN4][/home/helios/Desktop/easclepius/elasticsearch-6.2.3/data/nodes/0] free: 204.6mb[2.7%], all indices on this node will marked read-only
[2018-04-12T03:26:26,464][WARN ][o.e.c.r.a.DiskThresholdMonitor] [RagtjN4] flood stage disk watermark [95%] exceeded on [RagtjN4ISTy7QhnqKHoz3g][RagtjN4][/home/helios/Desktop/easclepius/elasticsearch-6.2.3/data/nodes/0] free: 204.6mb[2.7%], all indices on this node will marked read-only
[2018-04-12T03:26:56,480][WARN ][o.e.c.r.a.DiskThresholdMonitor] [RagtjN4] flood stage disk watermark [95%] exceeded on [RagtjN4ISTy7QhnqKHoz3g][RagtjN4][/home/helios/Desktop/easclepius/elasticsearch-6.2.3/data/nodes/0] free: 204.6mb[2.7%], all indices on this node will marked read-only
[2018-04-12T03:27:26,494][WARN ][o.e.c.r.a.DiskThresholdMonitor] [RagtjN4] flood stage disk watermark [95%] exceeded on [RagtjN4ISTy7QhnqKHoz3g][RagtjN4][/home/helios/Desktop/easclepius/elasticsearch-6.2.3/data/nodes/0] free: 204.6mb[2.7%], all indices on this node will marked read-only
[2018-04-12T03:27:56,522][WARN ][o.e.c.r.a.DiskThresholdMonitor] [RagtjN4] flood stage disk watermark [95%] exceeded on [RagtjN4ISTy7QhnqKHoz3g][RagtjN4][/home/helios/Desktop/easclepius/elasticsearch-6.2.3/data/nodes/0] free: 204.6mb[2.7%], all indices on this node will marked read-only
[2018-04-12T03:28:09,779][INFO ][o.e.n.Node               ] [RagtjN4] stopping ...
[2018-04-12T03:28:11,638][INFO ][o.e.n.Node               ] [RagtjN4] stopped
[2018-04-12T03:28:11,638][INFO ][o.e.n.Node               ] [RagtjN4] closing ...
[2018-04-12T03:28:11,856][INFO ][o.e.n.Node               ] [RagtjN4] closed
