#
# There is insufficient memory for the Java Runtime Environment to continue.
# Native memory allocation (mmap) failed to map 899284992 bytes for committing reserved memory.
# Possible reasons:
#   The system is out of physical RAM or swap space
#   In 32 bit mode, the process size limit was hit
# Possible solutions:
#   Reduce memory load on the system
#   Increase physical memory or swap space
#   Check if swap backing store is full
#   Use 64 bit Java on a 64 bit OS
#   Decrease Java heap size (-Xmx/-Xms)
#   Decrease number of Java threads
#   Decrease Java thread stack sizes (-Xss)
#   Set larger code cache with -XX:ReservedCodeCacheSize=
# This output file may be truncated or incomplete.
#
#  Out of Memory Error (os_linux.cpp:2640), pid=4794, tid=0x00007f23fd7e2700
#
# JRE version:  (8.0_161-b12) (build )
# Java VM: Java HotSpot(TM) 64-Bit Server VM (25.161-b12 mixed mode linux-amd64 compressed oops)
# Failed to write core dump. Core dumps have been disabled. To enable core dumping, try "ulimit -c unlimited" before starting Java again
#

---------------  T H R E A D  ---------------

Current thread (0x00007f23f400d000):  JavaThread "Unknown thread" [_thread_in_vm, id=4832, stack(0x00007f23fd6e2000,0x00007f23fd7e3000)]

Stack: [0x00007f23fd6e2000,0x00007f23fd7e3000],  sp=0x00007f23fd7e1330,  free space=1020k
Native frames: (J=compiled Java code, j=interpreted, Vv=VM code, C=native code)
V  [libjvm.so+0xacf94a]  VMError::report_and_die()+0x2ba
V  [libjvm.so+0x50050b]  report_vm_out_of_memory(char const*, int, unsigned long, VMErrorType, char const*)+0x8b
V  [libjvm.so+0x92b133]  os::Linux::commit_memory_impl(char*, unsigned long, bool)+0x103
V  [libjvm.so+0x92b5c9]  os::pd_commit_memory(char*, unsigned long, unsigned long, bool)+0x29
V  [libjvm.so+0x924c0a]  os::commit_memory(char*, unsigned long, unsigned long, bool)+0x2a
V  [libjvm.so+0xacb629]  VirtualSpace::expand_by(unsigned long, bool)+0x199
V  [libjvm.so+0xacc17e]  VirtualSpace::initialize(ReservedSpace, unsigned long)+0xee
V  [libjvm.so+0x5fec11]  CardGeneration::CardGeneration(ReservedSpace, unsigned long, int, GenRemSet*)+0xf1
V  [libjvm.so+0x4ea65e]  ConcurrentMarkSweepGeneration::ConcurrentMarkSweepGeneration(ReservedSpace, unsigned long, int, CardTableRS*, bool, FreeBlockDictionary<FreeChunk>::DictionaryChoice)+0x4e
V  [libjvm.so+0x5ffcd2]  GenerationSpec::init(ReservedSpace, int, GenRemSet*)+0xf2
V  [libjvm.so+0x5eeaae]  GenCollectedHeap::initialize()+0x1de
V  [libjvm.so+0xa979f3]  Universe::initialize_heap()+0xf3
V  [libjvm.so+0xa97f5e]  universe_init()+0x3e
V  [libjvm.so+0x641fb5]  init_globals()+0x65
V  [libjvm.so+0xa7c5ae]  Threads::create_vm(JavaVMInitArgs*, bool*)+0x23e
V  [libjvm.so+0x6d6c24]  JNI_CreateJavaVM+0x74
C  [libjli.so+0x797e]  JavaMain+0x9e
C  [libpthread.so.0+0x8182]  start_thread+0xc2


---------------  P R O C E S S  ---------------

Java Threads: ( => current thread )

Other Threads:

=>0x00007f23f400d000 (exited) JavaThread "Unknown thread" [_thread_in_vm, id=4832, stack(0x00007f23fd6e2000,0x00007f23fd7e3000)]

VM state:not at safepoint (not fully initialized)

VM Mutex/Monitor currently owned by a thread: None

GC Heap History (0 events):
No events

Deoptimization events (0 events):
No events

Classes redefined (0 events):
No events

Internal exceptions (0 events):
No events

Events (0 events):
No events


Dynamic libraries:
00400000-00401000 r-xp 00000000 08:02 187899                             /usr/lib/jvm/java-8-oracle/jre/bin/java
00600000-00601000 rw-p 00000000 08:02 187899                             /usr/lib/jvm/java-8-oracle/jre/bin/java
02054000-02075000 rw-p 00000000 00:00 0                                  [heap]
c0000000-ca660000 rw-p 00000000 00:00 0 
7f23d8000000-7f23d8021000 rw-p 00000000 00:00 0 
7f23d8021000-7f23dc000000 ---p 00000000 00:00 0 
7f23e0000000-7f23e0021000 rw-p 00000000 00:00 0 
7f23e0021000-7f23e4000000 ---p 00000000 00:00 0 
7f23e5000000-7f23e5270000 rwxp 00000000 00:00 0 
7f23e5270000-7f23f4000000 ---p 00000000 00:00 0 
7f23f4000000-7f23f403a000 rw-p 00000000 00:00 0 
7f23f403a000-7f23f8000000 ---p 00000000 00:00 0 
7f23f9bf6000-7f23fa0d4000 rw-p 00000000 00:00 0 
7f23fa0d4000-7f23fa280000 ---p 00000000 00:00 0 
7f23fa280000-7f23fa281000 rw-p 00000000 00:00 0 
7f23fa281000-7f23fa282000 ---p 00000000 00:00 0 
7f23fa282000-7f23fa382000 rw-p 00000000 00:00 0                          [stack:4834]
7f23fa382000-7f23fa383000 ---p 00000000 00:00 0 
7f23fa383000-7f23fa48d000 rw-p 00000000 00:00 0                          [stack:4833]
7f23fa48d000-7f23fa843000 ---p 00000000 00:00 0 
7f23fa843000-7f23fa85e000 r-xp 00000000 08:02 188046                     /usr/lib/jvm/java-8-oracle/jre/lib/amd64/libzip.so
7f23fa85e000-7f23faa5e000 ---p 0001b000 08:02 188046                     /usr/lib/jvm/java-8-oracle/jre/lib/amd64/libzip.so
7f23faa5e000-7f23faa5f000 rw-p 0001b000 08:02 188046                     /usr/lib/jvm/java-8-oracle/jre/lib/amd64/libzip.so
7f23faa5f000-7f23faa6a000 r-xp 00000000 08:02 136862                     /lib/x86_64-linux-gnu/libnss_files-2.19.so
7f23faa6a000-7f23fac69000 ---p 0000b000 08:02 136862                     /lib/x86_64-linux-gnu/libnss_files-2.19.so
7f23fac69000-7f23fac6a000 r--p 0000a000 08:02 136862                     /lib/x86_64-linux-gnu/libnss_files-2.19.so
7f23fac6a000-7f23fac6b000 rw-p 0000b000 08:02 136862                     /lib/x86_64-linux-gnu/libnss_files-2.19.so
7f23fac6b000-7f23fac76000 r-xp 00000000 08:02 136872                     /lib/x86_64-linux-gnu/libnss_nis-2.19.so
7f23fac76000-7f23fae75000 ---p 0000b000 08:02 136872                     /lib/x86_64-linux-gnu/libnss_nis-2.19.so
7f23fae75000-7f23fae76000 r--p 0000a000 08:02 136872                     /lib/x86_64-linux-gnu/libnss_nis-2.19.so
7f23fae76000-7f23fae77000 rw-p 0000b000 08:02 136872                     /lib/x86_64-linux-gnu/libnss_nis-2.19.so
7f23fae77000-7f23fae8e000 r-xp 00000000 08:02 136856                     /lib/x86_64-linux-gnu/libnsl-2.19.so
7f23fae8e000-7f23fb08d000 ---p 00017000 08:02 136856                     /lib/x86_64-linux-gnu/libnsl-2.19.so
7f23fb08d000-7f23fb08e000 r--p 00016000 08:02 136856                     /lib/x86_64-linux-gnu/libnsl-2.19.so
7f23fb08e000-7f23fb08f000 rw-p 00017000 08:02 136856                     /lib/x86_64-linux-gnu/libnsl-2.19.so
7f23fb08f000-7f23fb091000 rw-p 00000000 00:00 0 
7f23fb091000-7f23fb09a000 r-xp 00000000 08:02 136858                     /lib/x86_64-linux-gnu/libnss_compat-2.19.so
7f23fb09a000-7f23fb299000 ---p 00009000 08:02 136858                     /lib/x86_64-linux-gnu/libnss_compat-2.19.so
7f23fb299000-7f23fb29a000 r--p 00008000 08:02 136858                     /lib/x86_64-linux-gnu/libnss_compat-2.19.so
7f23fb29a000-7f23fb29b000 rw-p 00009000 08:02 136858                     /lib/x86_64-linux-gnu/libnss_compat-2.19.so
7f23fb29b000-7f23fb2c6000 r-xp 00000000 08:02 188066                     /usr/lib/jvm/java-8-oracle/jre/lib/amd64/libjava.so
7f23fb2c6000-7f23fb4c5000 ---p 0002b000 08:02 188066                     /usr/lib/jvm/java-8-oracle/jre/lib/amd64/libjava.so
7f23fb4c5000-7f23fb4c7000 rw-p 0002a000 08:02 188066                     /usr/lib/jvm/java-8-oracle/jre/lib/amd64/libjava.so
7f23fb4c7000-7f23fb4d4000 r-xp 00000000 08:02 188106                     /usr/lib/jvm/java-8-oracle/jre/lib/amd64/libverify.so
7f23fb4d4000-7f23fb6d4000 ---p 0000d000 08:02 188106                     /usr/lib/jvm/java-8-oracle/jre/lib/amd64/libverify.so
7f23fb6d4000-7f23fb6d6000 rw-p 0000d000 08:02 188106                     /usr/lib/jvm/java-8-oracle/jre/lib/amd64/libverify.so
7f23fb6d6000-7f23fb6dd000 r-xp 00000000 08:02 136915                     /lib/x86_64-linux-gnu/librt-2.19.so
7f23fb6dd000-7f23fb8dc000 ---p 00007000 08:02 136915                     /lib/x86_64-linux-gnu/librt-2.19.so
7f23fb8dc000-7f23fb8dd000 r--p 00006000 08:02 136915                     /lib/x86_64-linux-gnu/librt-2.19.so
7f23fb8dd000-7f23fb8de000 rw-p 00007000 08:02 136915                     /lib/x86_64-linux-gnu/librt-2.19.so
7f23fb8de000-7f23fb9e3000 r-xp 00000000 08:02 136837                     /lib/x86_64-linux-gnu/libm-2.19.so
7f23fb9e3000-7f23fbbe2000 ---p 00105000 08:02 136837                     /lib/x86_64-linux-gnu/libm-2.19.so
7f23fbbe2000-7f23fbbe3000 r--p 00104000 08:02 136837                     /lib/x86_64-linux-gnu/libm-2.19.so
7f23fbbe3000-7f23fbbe4000 rw-p 00105000 08:02 136837                     /lib/x86_64-linux-gnu/libm-2.19.so
7f23fbbe4000-7f23fc8bd000 r-xp 00000000 08:02 188077                     /usr/lib/jvm/java-8-oracle/jre/lib/amd64/server/libjvm.so
7f23fc8bd000-7f23fcabc000 ---p 00cd9000 08:02 188077                     /usr/lib/jvm/java-8-oracle/jre/lib/amd64/server/libjvm.so
7f23fcabc000-7f23fcb95000 rw-p 00cd8000 08:02 188077                     /usr/lib/jvm/java-8-oracle/jre/lib/amd64/server/libjvm.so
7f23fcb95000-7f23fcbe1000 rw-p 00000000 00:00 0 
7f23fcbe1000-7f23fcd9c000 r-xp 00000000 08:02 136787                     /lib/x86_64-linux-gnu/libc-2.19.so
7f23fcd9c000-7f23fcf9b000 ---p 001bb000 08:02 136787                     /lib/x86_64-linux-gnu/libc-2.19.so
7f23fcf9b000-7f23fcf9f000 r--p 001ba000 08:02 136787                     /lib/x86_64-linux-gnu/libc-2.19.so
7f23fcf9f000-7f23fcfa1000 rw-p 001be000 08:02 136787                     /lib/x86_64-linux-gnu/libc-2.19.so
7f23fcfa1000-7f23fcfa6000 rw-p 00000000 00:00 0 
7f23fcfa6000-7f23fcfa9000 r-xp 00000000 08:02 136804                     /lib/x86_64-linux-gnu/libdl-2.19.so
7f23fcfa9000-7f23fd1a8000 ---p 00003000 08:02 136804                     /lib/x86_64-linux-gnu/libdl-2.19.so
7f23fd1a8000-7f23fd1a9000 r--p 00002000 08:02 136804                     /lib/x86_64-linux-gnu/libdl-2.19.so
7f23fd1a9000-7f23fd1aa000 rw-p 00003000 08:02 136804                     /lib/x86_64-linux-gnu/libdl-2.19.so
7f23fd1aa000-7f23fd1c0000 r-xp 00000000 08:02 188059                     /usr/lib/jvm/java-8-oracle/jre/lib/amd64/jli/libjli.so
7f23fd1c0000-7f23fd3bf000 ---p 00016000 08:02 188059                     /usr/lib/jvm/java-8-oracle/jre/lib/amd64/jli/libjli.so
7f23fd3bf000-7f23fd3c0000 rw-p 00015000 08:02 188059                     /usr/lib/jvm/java-8-oracle/jre/lib/amd64/jli/libjli.so
7f23fd3c0000-7f23fd3d9000 r-xp 00000000 08:02 136907                     /lib/x86_64-linux-gnu/libpthread-2.19.so
7f23fd3d9000-7f23fd5d8000 ---p 00019000 08:02 136907                     /lib/x86_64-linux-gnu/libpthread-2.19.so
7f23fd5d8000-7f23fd5d9000 r--p 00018000 08:02 136907                     /lib/x86_64-linux-gnu/libpthread-2.19.so
7f23fd5d9000-7f23fd5da000 rw-p 00019000 08:02 136907                     /lib/x86_64-linux-gnu/libpthread-2.19.so
7f23fd5da000-7f23fd5de000 rw-p 00000000 00:00 0 
7f23fd5de000-7f23fd601000 r-xp 00000000 08:02 136763                     /lib/x86_64-linux-gnu/ld-2.19.so
7f23fd6e2000-7f23fd6e5000 ---p 00000000 00:00 0 
7f23fd6e5000-7f23fd7e7000 rw-p 00000000 00:00 0                          [stack:4832]
7f23fd7f0000-7f23fd7f3000 rw-p 00000000 00:00 0 
7f23fd7f3000-7f23fd7fb000 rw-s 00000000 08:02 49825                      /tmp/hsperfdata_helios/4794
7f23fd7fb000-7f23fd7fd000 rw-p 00000000 00:00 0 
7f23fd7fd000-7f23fd7fe000 r--p 00000000 00:00 0 
7f23fd7fe000-7f23fd800000 rw-p 00000000 00:00 0 
7f23fd800000-7f23fd801000 r--p 00022000 08:02 136763                     /lib/x86_64-linux-gnu/ld-2.19.so
7f23fd801000-7f23fd802000 rw-p 00023000 08:02 136763                     /lib/x86_64-linux-gnu/ld-2.19.so
7f23fd802000-7f23fd803000 rw-p 00000000 00:00 0 
7fffb722e000-7fffb7250000 rw-p 00000000 00:00 0                          [stack]
7fffb726c000-7fffb726e000 r--p 00000000 00:00 0                          [vvar]
7fffb726e000-7fffb7270000 r-xp 00000000 00:00 0                          [vdso]
ffffffffff600000-ffffffffff601000 r-xp 00000000 00:00 0                  [vsyscall]

VM Arguments:
jvm_args: -Xms1g -Xmx1g -XX:+UseConcMarkSweepGC -XX:CMSInitiatingOccupancyFraction=75 -XX:+UseCMSInitiatingOccupancyOnly -XX:+AlwaysPreTouch -Xss1m -Djava.awt.headless=true -Dfile.encoding=UTF-8 -Djna.nosys=true -XX:-OmitStackTraceInFastThrow -Dio.netty.noUnsafe=true -Dio.netty.noKeySetOptimization=true -Dio.netty.recycler.maxCapacityPerThread=0 -Dlog4j.shutdownHookEnabled=false -Dlog4j2.disable.jmx=true -Djava.io.tmpdir=/tmp/elasticsearch.zeJj9AQH -XX:+HeapDumpOnOutOfMemoryError -XX:+PrintGCDetails -XX:+PrintGCDateStamps -XX:+PrintTenuringDistribution -XX:+PrintGCApplicationStoppedTime -Xloggc:logs/gc.log -XX:+UseGCLogFileRotation -XX:NumberOfGCLogFiles=32 -XX:GCLogFileSize=64m -Des.path.home=/home/helios/Desktop/easclepius/elasticsearch-6.2.3 -Des.path.conf=/home/helios/Desktop/easclepius/elasticsearch-6.2.3/config 
java_command: org.elasticsearch.bootstrap.Elasticsearch
java_class_path (initial): /home/helios/Desktop/easclepius/elasticsearch-6.2.3/lib/log4j-core-2.9.1.jar:/home/helios/Desktop/easclepius/elasticsearch-6.2.3/lib/lucene-spatial-extras-7.2.1.jar:/home/helios/Desktop/easclepius/elasticsearch-6.2.3/lib/lucene-analyzers-common-7.2.1.jar:/home/helios/Desktop/easclepius/elasticsearch-6.2.3/lib/lucene-sandbox-7.2.1.jar:/home/helios/Desktop/easclepius/elasticsearch-6.2.3/lib/snakeyaml-1.17.jar:/home/helios/Desktop/easclepius/elasticsearch-6.2.3/lib/HdrHistogram-2.1.9.jar:/home/helios/Desktop/easclepius/elasticsearch-6.2.3/lib/lucene-memory-7.2.1.jar:/home/helios/Desktop/easclepius/elasticsearch-6.2.3/lib/jackson-dataformat-cbor-2.8.10.jar:/home/helios/Desktop/easclepius/elasticsearch-6.2.3/lib/lucene-join-7.2.1.jar:/home/helios/Desktop/easclepius/elasticsearch-6.2.3/lib/t-digest-3.0.jar:/home/helios/Desktop/easclepius/elasticsearch-6.2.3/lib/elasticsearch-6.2.3.jar:/home/helios/Desktop/easclepius/elasticsearch-6.2.3/lib/elasticsearch-launchers-6.2.3.jar:/home/helios/Desktop/easclepius/elasticsearch-6.2.3/lib/jackson-core-2.8.10.jar:/home/helios/Desktop/easclepius/elasticsearch-6.2.3/lib/spatial4j-0.6.jar:/home/helios/Desktop/easclepius/elasticsearch-6.2.3/lib/jts-1.13.jar:/home/helios/Desktop/easclepius/elasticsearch-6.2.3/lib/lucene-queries-7.2.1.jar:/home/helios/Desktop/easclepius/elasticsearch-6.2.3/lib/jackson-dataformat-yaml-2.8.10.jar:/home/helios/Desktop/easclepius/elasticsearch-6.2.3/lib/lucene-suggest-7.2.1.jar:/home/helios/Desktop/easclepius/elasticsearch-6.2.3/lib/jna-4.5.1.jar:/home/helios/Desktop/easclepius/elasticsearch-6.2.3/lib/elasticsearch-cli-6.2.3.jar:/home/helios/Desktop/easclepius/elasticsearch-6.2.3/lib/jopt-simple-5.0.2.jar:/home/helios/Desktop/easclepius/elasticsearch-6.2.3/lib/securesm-1.2.jar:/home/helios/Desktop/easclepius/elasticsearch-6.2.3/lib/hppc-0.7.1.jar:/home/helios/Desktop/easclepius/elasticsearch-6.2.3/lib/lucene-misc-7.2.1.jar:/home/helios/Desktop/easclepius/elasticsearch-6.2.3/lib/luc
Launcher Type: SUN_STANDARD

Environment Variables:
PATH=/home/helios/.venv/bin:/usr/local/sbin:/usr/local/bin:/usr/sbin:/usr/bin:/sbin:/bin:/usr/games:/usr/local/games:/usr/lib/jvm/java-7-openjdk-amd64
SHELL=/bin/bash
DISPLAY=:0

Signal Handlers:
SIGSEGV: [libjvm.so+0xad01e0], sa_mask[0]=11111111011111111101111111111110, sa_flags=SA_RESTART|SA_SIGINFO
SIGBUS: [libjvm.so+0xad01e0], sa_mask[0]=11111111011111111101111111111110, sa_flags=SA_RESTART|SA_SIGINFO
SIGFPE: [libjvm.so+0x927fb0], sa_mask[0]=11111111011111111101111111111110, sa_flags=SA_RESTART|SA_SIGINFO
SIGPIPE: [libjvm.so+0x927fb0], sa_mask[0]=11111111011111111101111111111110, sa_flags=SA_RESTART|SA_SIGINFO
SIGXFSZ: [libjvm.so+0x927fb0], sa_mask[0]=11111111011111111101111111111110, sa_flags=SA_RESTART|SA_SIGINFO
SIGILL: [libjvm.so+0x927fb0], sa_mask[0]=11111111011111111101111111111110, sa_flags=SA_RESTART|SA_SIGINFO
SIGUSR1: SIG_DFL, sa_mask[0]=00000000000000000000000000000000, sa_flags=none
SIGUSR2: [libjvm.so+0x9297f0], sa_mask[0]=00000000000000000000000000000000, sa_flags=SA_RESTART|SA_SIGINFO
SIGHUP: SIG_DFL, sa_mask[0]=00000000000000000000000000000000, sa_flags=none
SIGINT: SIG_DFL, sa_mask[0]=00000000000000000000000000000000, sa_flags=none
SIGTERM: SIG_DFL, sa_mask[0]=00000000000000000000000000000000, sa_flags=none
SIGQUIT: SIG_DFL, sa_mask[0]=00000000000000000000000000000000, sa_flags=none


---------------  S Y S T E M  ---------------

OS:DISTRIB_ID=Ubuntu
DISTRIB_RELEASE=14.04
DISTRIB_CODENAME=trusty
DISTRIB_DESCRIPTION="Ubuntu 14.04.3 LTS"

uname:Linux 3.19.0-25-generic #26~14.04.1-Ubuntu SMP Fri Jul 24 21:16:20 UTC 2015 x86_64
libc:glibc 2.19 NPTL 2.19 
rlimit: STACK 8192k, CORE 0k, NPROC 5840, NOFILE 4096, AS infinity
load average:0.92 1.20 0.89

/proc/meminfo:
MemTotal:        1516640 kB
MemFree:           93716 kB
MemAvailable:     271140 kB
Buffers:           36364 kB
Cached:           250620 kB
SwapCached:        29832 kB
Active:           684920 kB
Inactive:         629136 kB
Active(anon):     547556 kB
Inactive(anon):   491988 kB
Active(file):     137364 kB
Inactive(file):   137148 kB
Unevictable:           0 kB
Mlocked:               0 kB
SwapTotal:        498684 kB
SwapFree:         300300 kB
Dirty:               468 kB
Writeback:             0 kB
AnonPages:       1005160 kB
Mapped:           161608 kB
Shmem:             12308 kB
Slab:              51684 kB
SReclaimable:      31068 kB
SUnreclaim:        20616 kB
KernelStack:        6400 kB
PageTables:        28468 kB
NFS_Unstable:          0 kB
Bounce:                0 kB
WritebackTmp:          0 kB
CommitLimit:     1257004 kB
Committed_AS:    3906384 kB
VmallocTotal:   34359738367 kB
VmallocUsed:       31784 kB
VmallocChunk:   34359646740 kB
HardwareCorrupted:     0 kB
AnonHugePages:    309248 kB
CmaTotal:              0 kB
CmaFree:               0 kB
HugePages_Total:       0
HugePages_Free:        0
HugePages_Rsvd:        0
HugePages_Surp:        0
Hugepagesize:       2048 kB
DirectMap4k:      112576 kB
DirectMap2M:     1443840 kB


CPU:total 2 (initial active 2) (2 cores per cpu, 1 threads per core) family 6 model 58 stepping 9, cmov, cx8, fxsr, mmx, sse, sse2, sse3, ssse3, sse4.1, sse4.2, popcnt, avx, aes, clmul, tsc, tscinvbit, tscinv

/proc/cpuinfo:
processor	: 0
vendor_id	: GenuineIntel
cpu family	: 6
model		: 58
model name	: Intel(R) Core(TM) i5-3337U CPU @ 1.80GHz
stepping	: 9
microcode	: 0x19
cpu MHz		: 1795.919
cache size	: 3072 KB
physical id	: 0
siblings	: 2
core id		: 0
cpu cores	: 2
apicid		: 0
initial apicid	: 0
fpu		: yes
fpu_exception	: yes
cpuid level	: 13
wp		: yes
flags		: fpu vme de pse tsc msr pae mce cx8 apic sep mtrr pge mca cmov pat pse36 clflush mmx fxsr sse sse2 ht syscall nx rdtscp lm constant_tsc rep_good nopl xtopology nonstop_tsc pni pclmulqdq ssse3 cx16 sse4_1 sse4_2 popcnt aes xsave avx rdrand hypervisor lahf_lm
bugs		:
bogomips	: 3591.83
clflush size	: 64
cache_alignment	: 64
address sizes	: 36 bits physical, 48 bits virtual
power management:

processor	: 1
vendor_id	: GenuineIntel
cpu family	: 6
model		: 58
model name	: Intel(R) Core(TM) i5-3337U CPU @ 1.80GHz
stepping	: 9
microcode	: 0x19
cpu MHz		: 1795.919
cache size	: 3072 KB
physical id	: 0
siblings	: 2
core id		: 1
cpu cores	: 2
apicid		: 1
initial apicid	: 1
fpu		: yes
fpu_exception	: yes
cpuid level	: 13
wp		: yes
flags		: fpu vme de pse tsc msr pae mce cx8 apic sep mtrr pge mca cmov pat pse36 clflush mmx fxsr sse sse2 ht syscall nx rdtscp lm constant_tsc rep_good nopl xtopology nonstop_tsc pni pclmulqdq ssse3 cx16 sse4_1 sse4_2 popcnt aes xsave avx rdrand hypervisor lahf_lm
bugs		:
bogomips	: 3591.83
clflush size	: 64
cache_alignment	: 64
address sizes	: 36 bits physical, 48 bits virtual
power management:



Memory: 4k page, physical 1516640k(95648k free), swap 498684k(300300k free)

vm_info: Java HotSpot(TM) 64-Bit Server VM (25.161-b12) for linux-amd64 JRE (1.8.0_161-b12), built on Dec 19 2017 16:12:43 by "java_re" with gcc 4.3.0 20080428 (Red Hat 4.3.0-8)

time: Thu Apr 12 00:36:51 2018
elapsed time: 0 seconds (0d 0h 0m 0s)

