#
# There is insufficient memory for the Java Runtime Environment to continue.
# Native memory allocation (mmap) failed to map 899284992 bytes for committing reserved memory.
# Possible reasons:
#   The system is out of physical RAM or swap space
#   In 32 bit mode, the process size limit was hit
# Possible solutions:
#   Reduce memory load on the system
#   Increase physical memory or swap space
#   Check if swap backing store is full
#   Use 64 bit Java on a 64 bit OS
#   Decrease Java heap size (-Xmx/-Xms)
#   Decrease number of Java threads
#   Decrease Java thread stack sizes (-Xss)
#   Set larger code cache with -XX:ReservedCodeCacheSize=
# This output file may be truncated or incomplete.
#
#  Out of Memory Error (os_linux.cpp:2640), pid=4646, tid=0x00007fd2b7492700
#
# JRE version:  (8.0_161-b12) (build )
# Java VM: Java HotSpot(TM) 64-Bit Server VM (25.161-b12 mixed mode linux-amd64 compressed oops)
# Failed to write core dump. Core dumps have been disabled. To enable core dumping, try "ulimit -c unlimited" before starting Java again
#

---------------  T H R E A D  ---------------

Current thread (0x00007fd2b000d000):  JavaThread "Unknown thread" [_thread_in_vm, id=4684, stack(0x00007fd2b7392000,0x00007fd2b7493000)]

Stack: [0x00007fd2b7392000,0x00007fd2b7493000],  sp=0x00007fd2b7491330,  free space=1020k
Native frames: (J=compiled Java code, j=interpreted, Vv=VM code, C=native code)
V  [libjvm.so+0xacf94a]  VMError::report_and_die()+0x2ba
V  [libjvm.so+0x50050b]  report_vm_out_of_memory(char const*, int, unsigned long, VMErrorType, char const*)+0x8b
V  [libjvm.so+0x92b133]  os::Linux::commit_memory_impl(char*, unsigned long, bool)+0x103
V  [libjvm.so+0x92b5c9]  os::pd_commit_memory(char*, unsigned long, unsigned long, bool)+0x29
V  [libjvm.so+0x924c0a]  os::commit_memory(char*, unsigned long, unsigned long, bool)+0x2a
V  [libjvm.so+0xacb629]  VirtualSpace::expand_by(unsigned long, bool)+0x199
V  [libjvm.so+0xacc17e]  VirtualSpace::initialize(ReservedSpace, unsigned long)+0xee
V  [libjvm.so+0x5fec11]  CardGeneration::CardGeneration(ReservedSpace, unsigned long, int, GenRemSet*)+0xf1
V  [libjvm.so+0x4ea65e]  ConcurrentMarkSweepGeneration::ConcurrentMarkSweepGeneration(ReservedSpace, unsigned long, int, CardTableRS*, bool, FreeBlockDictionary<FreeChunk>::DictionaryChoice)+0x4e
V  [libjvm.so+0x5ffcd2]  GenerationSpec::init(ReservedSpace, int, GenRemSet*)+0xf2
V  [libjvm.so+0x5eeaae]  GenCollectedHeap::initialize()+0x1de
V  [libjvm.so+0xa979f3]  Universe::initialize_heap()+0xf3
V  [libjvm.so+0xa97f5e]  universe_init()+0x3e
V  [libjvm.so+0x641fb5]  init_globals()+0x65
V  [libjvm.so+0xa7c5ae]  Threads::create_vm(JavaVMInitArgs*, bool*)+0x23e
V  [libjvm.so+0x6d6c24]  JNI_CreateJavaVM+0x74
C  [libjli.so+0x797e]  JavaMain+0x9e
C  [libpthread.so.0+0x8182]  start_thread+0xc2


---------------  P R O C E S S  ---------------

Java Threads: ( => current thread )

Other Threads:

=>0x00007fd2b000d000 (exited) JavaThread "Unknown thread" [_thread_in_vm, id=4684, stack(0x00007fd2b7392000,0x00007fd2b7493000)]

VM state:not at safepoint (not fully initialized)

VM Mutex/Monitor currently owned by a thread: None

GC Heap History (0 events):
No events

Deoptimization events (0 events):
No events

Classes redefined (0 events):
No events

Internal exceptions (0 events):
No events

Events (0 events):
No events


Dynamic libraries:
00400000-00401000 r-xp 00000000 08:02 187899                             /usr/lib/jvm/java-8-oracle/jre/bin/java
00600000-00601000 rw-p 00000000 08:02 187899                             /usr/lib/jvm/java-8-oracle/jre/bin/java
01ac8000-01ae9000 rw-p 00000000 00:00 0                                  [heap]
c0000000-ca660000 rw-p 00000000 00:00 0 
7fd294000000-7fd294021000 rw-p 00000000 00:00 0 
7fd294021000-7fd298000000 ---p 00000000 00:00 0 
7fd29c000000-7fd29c021000 rw-p 00000000 00:00 0 
7fd29c021000-7fd2a0000000 ---p 00000000 00:00 0 
7fd2a0874000-7fd2a0d52000 rw-p 00000000 00:00 0 
7fd2a0d52000-7fd2a0efe000 ---p 00000000 00:00 0 
7fd2a0efe000-7fd2a0eff000 rw-p 00000000 00:00 0 
7fd2a0eff000-7fd2a0f00000 ---p 00000000 00:00 0 
7fd2a0f00000-7fd2a1000000 rw-p 00000000 00:00 0                          [stack:4686]
7fd2a1000000-7fd2a1270000 rwxp 00000000 00:00 0 
7fd2a1270000-7fd2b0000000 ---p 00000000 00:00 0 
7fd2b0000000-7fd2b003a000 rw-p 00000000 00:00 0 
7fd2b003a000-7fd2b4000000 ---p 00000000 00:00 0 
7fd2b4032000-7fd2b4033000 ---p 00000000 00:00 0 
7fd2b4033000-7fd2b413d000 rw-p 00000000 00:00 0                          [stack:4685]
7fd2b413d000-7fd2b44f3000 ---p 00000000 00:00 0 
7fd2b44f3000-7fd2b450e000 r-xp 00000000 08:02 188046                     /usr/lib/jvm/java-8-oracle/jre/lib/amd64/libzip.so
7fd2b450e000-7fd2b470e000 ---p 0001b000 08:02 188046                     /usr/lib/jvm/java-8-oracle/jre/lib/amd64/libzip.so
7fd2b470e000-7fd2b470f000 rw-p 0001b000 08:02 188046                     /usr/lib/jvm/java-8-oracle/jre/lib/amd64/libzip.so
7fd2b470f000-7fd2b471a000 r-xp 00000000 08:02 136862                     /lib/x86_64-linux-gnu/libnss_files-2.19.so
7fd2b471a000-7fd2b4919000 ---p 0000b000 08:02 136862                     /lib/x86_64-linux-gnu/libnss_files-2.19.so
7fd2b4919000-7fd2b491a000 r--p 0000a000 08:02 136862                     /lib/x86_64-linux-gnu/libnss_files-2.19.so
7fd2b491a000-7fd2b491b000 rw-p 0000b000 08:02 136862                     /lib/x86_64-linux-gnu/libnss_files-2.19.so
7fd2b491b000-7fd2b4926000 r-xp 00000000 08:02 136872                     /lib/x86_64-linux-gnu/libnss_nis-2.19.so
7fd2b4926000-7fd2b4b25000 ---p 0000b000 08:02 136872                     /lib/x86_64-linux-gnu/libnss_nis-2.19.so
7fd2b4b25000-7fd2b4b26000 r--p 0000a000 08:02 136872                     /lib/x86_64-linux-gnu/libnss_nis-2.19.so
7fd2b4b26000-7fd2b4b27000 rw-p 0000b000 08:02 136872                     /lib/x86_64-linux-gnu/libnss_nis-2.19.so
7fd2b4b27000-7fd2b4b3e000 r-xp 00000000 08:02 136856                     /lib/x86_64-linux-gnu/libnsl-2.19.so
7fd2b4b3e000-7fd2b4d3d000 ---p 00017000 08:02 136856                     /lib/x86_64-linux-gnu/libnsl-2.19.so
7fd2b4d3d000-7fd2b4d3e000 r--p 00016000 08:02 136856                     /lib/x86_64-linux-gnu/libnsl-2.19.so
7fd2b4d3e000-7fd2b4d3f000 rw-p 00017000 08:02 136856                     /lib/x86_64-linux-gnu/libnsl-2.19.so
7fd2b4d3f000-7fd2b4d41000 rw-p 00000000 00:00 0 
7fd2b4d41000-7fd2b4d4a000 r-xp 00000000 08:02 136858                     /lib/x86_64-linux-gnu/libnss_compat-2.19.so
7fd2b4d4a000-7fd2b4f49000 ---p 00009000 08:02 136858                     /lib/x86_64-linux-gnu/libnss_compat-2.19.so
7fd2b4f49000-7fd2b4f4a000 r--p 00008000 08:02 136858                     /lib/x86_64-linux-gnu/libnss_compat-2.19.so
7fd2b4f4a000-7fd2b4f4b000 rw-p 00009000 08:02 136858                     /lib/x86_64-linux-gnu/libnss_compat-2.19.so
7fd2b4f4b000-7fd2b4f76000 r-xp 00000000 08:02 188066                     /usr/lib/jvm/java-8-oracle/jre/lib/amd64/libjava.so
7fd2b4f76000-7fd2b5175000 ---p 0002b000 08:02 188066                     /usr/lib/jvm/java-8-oracle/jre/lib/amd64/libjava.so
7fd2b5175000-7fd2b5177000 rw-p 0002a000 08:02 188066                     /usr/lib/jvm/java-8-oracle/jre/lib/amd64/libjava.so
7fd2b5177000-7fd2b5184000 r-xp 00000000 08:02 188106                     /usr/lib/jvm/java-8-oracle/jre/lib/amd64/libverify.so
7fd2b5184000-7fd2b5384000 ---p 0000d000 08:02 188106                     /usr/lib/jvm/java-8-oracle/jre/lib/amd64/libverify.so
7fd2b5384000-7fd2b5386000 rw-p 0000d000 08:02 188106                     /usr/lib/jvm/java-8-oracle/jre/lib/amd64/libverify.so
7fd2b5386000-7fd2b538d000 r-xp 00000000 08:02 136915                     /lib/x86_64-linux-gnu/librt-2.19.so
7fd2b538d000-7fd2b558c000 ---p 00007000 08:02 136915                     /lib/x86_64-linux-gnu/librt-2.19.so
7fd2b558c000-7fd2b558d000 r--p 00006000 08:02 136915                     /lib/x86_64-linux-gnu/librt-2.19.so
7fd2b558d000-7fd2b558e000 rw-p 00007000 08:02 136915                     /lib/x86_64-linux-gnu/librt-2.19.so
7fd2b558e000-7fd2b5693000 r-xp 00000000 08:02 136837                     /lib/x86_64-linux-gnu/libm-2.19.so
7fd2b5693000-7fd2b5892000 ---p 00105000 08:02 136837                     /lib/x86_64-linux-gnu/libm-2.19.so
7fd2b5892000-7fd2b5893000 r--p 00104000 08:02 136837                     /lib/x86_64-linux-gnu/libm-2.19.so
7fd2b5893000-7fd2b5894000 rw-p 00105000 08:02 136837                     /lib/x86_64-linux-gnu/libm-2.19.so
7fd2b5894000-7fd2b656d000 r-xp 00000000 08:02 188077                     /usr/lib/jvm/java-8-oracle/jre/lib/amd64/server/libjvm.so
7fd2b656d000-7fd2b676c000 ---p 00cd9000 08:02 188077                     /usr/lib/jvm/java-8-oracle/jre/lib/amd64/server/libjvm.so
7fd2b676c000-7fd2b6845000 rw-p 00cd8000 08:02 188077                     /usr/lib/jvm/java-8-oracle/jre/lib/amd64/server/libjvm.so
7fd2b6845000-7fd2b6891000 rw-p 00000000 00:00 0 
7fd2b6891000-7fd2b6a4c000 r-xp 00000000 08:02 136787                     /lib/x86_64-linux-gnu/libc-2.19.so
7fd2b6a4c000-7fd2b6c4b000 ---p 001bb000 08:02 136787                     /lib/x86_64-linux-gnu/libc-2.19.so
7fd2b6c4b000-7fd2b6c4f000 r--p 001ba000 08:02 136787                     /lib/x86_64-linux-gnu/libc-2.19.so
7fd2b6c4f000-7fd2b6c51000 rw-p 001be000 08:02 136787                     /lib/x86_64-linux-gnu/libc-2.19.so
7fd2b6c51000-7fd2b6c56000 rw-p 00000000 00:00 0 
7fd2b6c56000-7fd2b6c59000 r-xp 00000000 08:02 136804                     /lib/x86_64-linux-gnu/libdl-2.19.so
7fd2b6c59000-7fd2b6e58000 ---p 00003000 08:02 136804                     /lib/x86_64-linux-gnu/libdl-2.19.so
7fd2b6e58000-7fd2b6e59000 r--p 00002000 08:02 136804                     /lib/x86_64-linux-gnu/libdl-2.19.so
7fd2b6e59000-7fd2b6e5a000 rw-p 00003000 08:02 136804                     /lib/x86_64-linux-gnu/libdl-2.19.so
7fd2b6e5a000-7fd2b6e70000 r-xp 00000000 08:02 188059                     /usr/lib/jvm/java-8-oracle/jre/lib/amd64/jli/libjli.so
7fd2b6e70000-7fd2b706f000 ---p 00016000 08:02 188059                     /usr/lib/jvm/java-8-oracle/jre/lib/amd64/jli/libjli.so
7fd2b706f000-7fd2b7070000 rw-p 00015000 08:02 188059                     /usr/lib/jvm/java-8-oracle/jre/lib/amd64/jli/libjli.so
7fd2b7070000-7fd2b7089000 r-xp 00000000 08:02 136907                     /lib/x86_64-linux-gnu/libpthread-2.19.so
7fd2b7089000-7fd2b7288000 ---p 00019000 08:02 136907                     /lib/x86_64-linux-gnu/libpthread-2.19.so
7fd2b7288000-7fd2b7289000 r--p 00018000 08:02 136907                     /lib/x86_64-linux-gnu/libpthread-2.19.so
7fd2b7289000-7fd2b728a000 rw-p 00019000 08:02 136907                     /lib/x86_64-linux-gnu/libpthread-2.19.so
7fd2b728a000-7fd2b728e000 rw-p 00000000 00:00 0 
7fd2b728e000-7fd2b72b1000 r-xp 00000000 08:02 136763                     /lib/x86_64-linux-gnu/ld-2.19.so
7fd2b7392000-7fd2b7395000 ---p 00000000 00:00 0 
7fd2b7395000-7fd2b7497000 rw-p 00000000 00:00 0                          [stack:4684]
7fd2b74a0000-7fd2b74a3000 rw-p 00000000 00:00 0 
7fd2b74a3000-7fd2b74ab000 rw-s 00000000 08:02 49781                      /tmp/hsperfdata_helios/4646
7fd2b74ab000-7fd2b74ad000 rw-p 00000000 00:00 0 
7fd2b74ad000-7fd2b74ae000 r--p 00000000 00:00 0 
7fd2b74ae000-7fd2b74b0000 rw-p 00000000 00:00 0 
7fd2b74b0000-7fd2b74b1000 r--p 00022000 08:02 136763                     /lib/x86_64-linux-gnu/ld-2.19.so
7fd2b74b1000-7fd2b74b2000 rw-p 00023000 08:02 136763                     /lib/x86_64-linux-gnu/ld-2.19.so
7fd2b74b2000-7fd2b74b3000 rw-p 00000000 00:00 0 
7ffcc95ff000-7ffcc9621000 rw-p 00000000 00:00 0                          [stack]
7ffcc96fd000-7ffcc96ff000 r--p 00000000 00:00 0                          [vvar]
7ffcc96ff000-7ffcc9701000 r-xp 00000000 00:00 0                          [vdso]
ffffffffff600000-ffffffffff601000 r-xp 00000000 00:00 0                  [vsyscall]

VM Arguments:
jvm_args: -Xms1g -Xmx1g -XX:+UseConcMarkSweepGC -XX:CMSInitiatingOccupancyFraction=75 -XX:+UseCMSInitiatingOccupancyOnly -XX:+AlwaysPreTouch -Xss1m -Djava.awt.headless=true -Dfile.encoding=UTF-8 -Djna.nosys=true -XX:-OmitStackTraceInFastThrow -Dio.netty.noUnsafe=true -Dio.netty.noKeySetOptimization=true -Dio.netty.recycler.maxCapacityPerThread=0 -Dlog4j.shutdownHookEnabled=false -Dlog4j2.disable.jmx=true -Djava.io.tmpdir=/tmp/elasticsearch.HIQtTQOk -XX:+HeapDumpOnOutOfMemoryError -XX:+PrintGCDetails -XX:+PrintGCDateStamps -XX:+PrintTenuringDistribution -XX:+PrintGCApplicationStoppedTime -Xloggc:logs/gc.log -XX:+UseGCLogFileRotation -XX:NumberOfGCLogFiles=32 -XX:GCLogFileSize=64m -Des.path.home=/home/helios/Desktop/easclepius/elasticsearch-6.2.3 -Des.path.conf=/home/helios/Desktop/easclepius/elasticsearch-6.2.3/config 
java_command: org.elasticsearch.bootstrap.Elasticsearch
java_class_path (initial): /home/helios/Desktop/easclepius/elasticsearch-6.2.3/lib/log4j-core-2.9.1.jar:/home/helios/Desktop/easclepius/elasticsearch-6.2.3/lib/lucene-spatial-extras-7.2.1.jar:/home/helios/Desktop/easclepius/elasticsearch-6.2.3/lib/lucene-analyzers-common-7.2.1.jar:/home/helios/Desktop/easclepius/elasticsearch-6.2.3/lib/lucene-sandbox-7.2.1.jar:/home/helios/Desktop/easclepius/elasticsearch-6.2.3/lib/snakeyaml-1.17.jar:/home/helios/Desktop/easclepius/elasticsearch-6.2.3/lib/HdrHistogram-2.1.9.jar:/home/helios/Desktop/easclepius/elasticsearch-6.2.3/lib/lucene-memory-7.2.1.jar:/home/helios/Desktop/easclepius/elasticsearch-6.2.3/lib/jackson-dataformat-cbor-2.8.10.jar:/home/helios/Desktop/easclepius/elasticsearch-6.2.3/lib/lucene-join-7.2.1.jar:/home/helios/Desktop/easclepius/elasticsearch-6.2.3/lib/t-digest-3.0.jar:/home/helios/Desktop/easclepius/elasticsearch-6.2.3/lib/elasticsearch-6.2.3.jar:/home/helios/Desktop/easclepius/elasticsearch-6.2.3/lib/elasticsearch-launchers-6.2.3.jar:/home/helios/Desktop/easclepius/elasticsearch-6.2.3/lib/jackson-core-2.8.10.jar:/home/helios/Desktop/easclepius/elasticsearch-6.2.3/lib/spatial4j-0.6.jar:/home/helios/Desktop/easclepius/elasticsearch-6.2.3/lib/jts-1.13.jar:/home/helios/Desktop/easclepius/elasticsearch-6.2.3/lib/lucene-queries-7.2.1.jar:/home/helios/Desktop/easclepius/elasticsearch-6.2.3/lib/jackson-dataformat-yaml-2.8.10.jar:/home/helios/Desktop/easclepius/elasticsearch-6.2.3/lib/lucene-suggest-7.2.1.jar:/home/helios/Desktop/easclepius/elasticsearch-6.2.3/lib/jna-4.5.1.jar:/home/helios/Desktop/easclepius/elasticsearch-6.2.3/lib/elasticsearch-cli-6.2.3.jar:/home/helios/Desktop/easclepius/elasticsearch-6.2.3/lib/jopt-simple-5.0.2.jar:/home/helios/Desktop/easclepius/elasticsearch-6.2.3/lib/securesm-1.2.jar:/home/helios/Desktop/easclepius/elasticsearch-6.2.3/lib/hppc-0.7.1.jar:/home/helios/Desktop/easclepius/elasticsearch-6.2.3/lib/lucene-misc-7.2.1.jar:/home/helios/Desktop/easclepius/elasticsearch-6.2.3/lib/luc
Launcher Type: SUN_STANDARD

Environment Variables:
PATH=/home/helios/.venv/bin:/usr/local/sbin:/usr/local/bin:/usr/sbin:/usr/bin:/sbin:/bin:/usr/games:/usr/local/games:/usr/lib/jvm/java-7-openjdk-amd64
SHELL=/bin/bash
DISPLAY=:0

Signal Handlers:
SIGSEGV: [libjvm.so+0xad01e0], sa_mask[0]=11111111011111111101111111111110, sa_flags=SA_RESTART|SA_SIGINFO
SIGBUS: [libjvm.so+0xad01e0], sa_mask[0]=11111111011111111101111111111110, sa_flags=SA_RESTART|SA_SIGINFO
SIGFPE: [libjvm.so+0x927fb0], sa_mask[0]=11111111011111111101111111111110, sa_flags=SA_RESTART|SA_SIGINFO
SIGPIPE: [libjvm.so+0x927fb0], sa_mask[0]=11111111011111111101111111111110, sa_flags=SA_RESTART|SA_SIGINFO
SIGXFSZ: [libjvm.so+0x927fb0], sa_mask[0]=11111111011111111101111111111110, sa_flags=SA_RESTART|SA_SIGINFO
SIGILL: [libjvm.so+0x927fb0], sa_mask[0]=11111111011111111101111111111110, sa_flags=SA_RESTART|SA_SIGINFO
SIGUSR1: SIG_DFL, sa_mask[0]=00000000000000000000000000000000, sa_flags=none
SIGUSR2: [libjvm.so+0x9297f0], sa_mask[0]=00000000000000000000000000000000, sa_flags=SA_RESTART|SA_SIGINFO
SIGHUP: SIG_DFL, sa_mask[0]=00000000000000000000000000000000, sa_flags=none
SIGINT: SIG_DFL, sa_mask[0]=00000000000000000000000000000000, sa_flags=none
SIGTERM: SIG_DFL, sa_mask[0]=00000000000000000000000000000000, sa_flags=none
SIGQUIT: SIG_DFL, sa_mask[0]=00000000000000000000000000000000, sa_flags=none


---------------  S Y S T E M  ---------------

OS:DISTRIB_ID=Ubuntu
DISTRIB_RELEASE=14.04
DISTRIB_CODENAME=trusty
DISTRIB_DESCRIPTION="Ubuntu 14.04.3 LTS"

uname:Linux 3.19.0-25-generic #26~14.04.1-Ubuntu SMP Fri Jul 24 21:16:20 UTC 2015 x86_64
libc:glibc 2.19 NPTL 2.19 
rlimit: STACK 8192k, CORE 0k, NPROC 5840, NOFILE 4096, AS infinity
load average:2.09 1.47 0.91

/proc/meminfo:
MemTotal:        1516640 kB
MemFree:           66172 kB
MemAvailable:     268956 kB
Buffers:           32748 kB
Cached:           278984 kB
SwapCached:        28084 kB
Active:           677004 kB
Inactive:         666884 kB
Active(anon):     528884 kB
Inactive(anon):   515108 kB
Active(file):     148120 kB
Inactive(file):   151776 kB
Unevictable:           0 kB
Mlocked:               0 kB
SwapTotal:        498684 kB
SwapFree:         304772 kB
Dirty:               776 kB
Writeback:             0 kB
AnonPages:       1011900 kB
Mapped:           156428 kB
Shmem:             11944 kB
Slab:              51644 kB
SReclaimable:      31024 kB
SUnreclaim:        20620 kB
KernelStack:        6480 kB
PageTables:        28480 kB
NFS_Unstable:          0 kB
Bounce:                0 kB
WritebackTmp:          0 kB
CommitLimit:     1257004 kB
Committed_AS:    3898948 kB
VmallocTotal:   34359738367 kB
VmallocUsed:       31784 kB
VmallocChunk:   34359646740 kB
HardwareCorrupted:     0 kB
AnonHugePages:    249856 kB
CmaTotal:              0 kB
CmaFree:               0 kB
HugePages_Total:       0
HugePages_Free:        0
HugePages_Rsvd:        0
HugePages_Surp:        0
Hugepagesize:       2048 kB
DirectMap4k:      112576 kB
DirectMap2M:     1443840 kB


CPU:total 2 (initial active 2) (2 cores per cpu, 1 threads per core) family 6 model 58 stepping 9, cmov, cx8, fxsr, mmx, sse, sse2, sse3, ssse3, sse4.1, sse4.2, popcnt, avx, aes, clmul, tsc, tscinvbit, tscinv

/proc/cpuinfo:
processor	: 0
vendor_id	: GenuineIntel
cpu family	: 6
model		: 58
model name	: Intel(R) Core(TM) i5-3337U CPU @ 1.80GHz
stepping	: 9
microcode	: 0x19
cpu MHz		: 1795.919
cache size	: 3072 KB
physical id	: 0
siblings	: 2
core id		: 0
cpu cores	: 2
apicid		: 0
initial apicid	: 0
fpu		: yes
fpu_exception	: yes
cpuid level	: 13
wp		: yes
flags		: fpu vme de pse tsc msr pae mce cx8 apic sep mtrr pge mca cmov pat pse36 clflush mmx fxsr sse sse2 ht syscall nx rdtscp lm constant_tsc rep_good nopl xtopology nonstop_tsc pni pclmulqdq ssse3 cx16 sse4_1 sse4_2 popcnt aes xsave avx rdrand hypervisor lahf_lm
bugs		:
bogomips	: 3591.83
clflush size	: 64
cache_alignment	: 64
address sizes	: 36 bits physical, 48 bits virtual
power management:

processor	: 1
vendor_id	: GenuineIntel
cpu family	: 6
model		: 58
model name	: Intel(R) Core(TM) i5-3337U CPU @ 1.80GHz
stepping	: 9
microcode	: 0x19
cpu MHz		: 1795.919
cache size	: 3072 KB
physical id	: 0
siblings	: 2
core id		: 1
cpu cores	: 2
apicid		: 1
initial apicid	: 1
fpu		: yes
fpu_exception	: yes
cpuid level	: 13
wp		: yes
flags		: fpu vme de pse tsc msr pae mce cx8 apic sep mtrr pge mca cmov pat pse36 clflush mmx fxsr sse sse2 ht syscall nx rdtscp lm constant_tsc rep_good nopl xtopology nonstop_tsc pni pclmulqdq ssse3 cx16 sse4_1 sse4_2 popcnt aes xsave avx rdrand hypervisor lahf_lm
bugs		:
bogomips	: 3591.83
clflush size	: 64
cache_alignment	: 64
address sizes	: 36 bits physical, 48 bits virtual
power management:



Memory: 4k page, physical 1516640k(66172k free), swap 498684k(304772k free)

vm_info: Java HotSpot(TM) 64-Bit Server VM (25.161-b12) for linux-amd64 JRE (1.8.0_161-b12), built on Dec 19 2017 16:12:43 by "java_re" with gcc 4.3.0 20080428 (Red Hat 4.3.0-8)

time: Thu Apr 12 00:34:15 2018
elapsed time: 0 seconds (0d 0h 0m 0s)

